<?xml version="1.0" encoding="UTF-8"?>
<testsuite name="co.com.agudelo.microservice.resolveEnigmaApi.api.GetStepApiControllerIntegrationTest" time="0.009" tests="1" errors="1" skipped="0" failures="0">
  <properties>
[...]
</properties>
  <testcase name="getStepTest" classname="co.com.agudelo.microservice.resolveEnigmaApi.api.GetStepApiControllerIntegrationTest" time="0.009">
    <error message="Failed to load ApplicationContext" type="java.lang.IllegalStateException">java.lang.IllegalStateException: Failed to load ApplicationContext
	at org.springframework.test.context.cache.DefaultCacheAwareContextLoaderDelegate.loadContext(DefaultCacheAwareContextLoaderDelegate.java:124)
	at org.springframework.test.context.support.DefaultTestContext.getApplicationContext(DefaultTestContext.java:83)
	at org.springframework.test.context.web.ServletTestExecutionListener.setUpRequestContextIfNecessary(ServletTestExecutionListener.java:189)
	at org.springframework.test.context.web.ServletTestExecutionListener.prepareTestInstance(ServletTestExecutionListener.java:131)
	at org.springframework.test.context.TestContextManager.prepareTestInstance(TestContextManager.java:230)
	at org.springframework.test.context.junit4.SpringJUnit4ClassRunner.createTest(SpringJUnit4ClassRunner.java:228)
	at org.springframework.test.context.junit4.SpringJUnit4ClassRunner$1.runReflectiveCall(SpringJUnit4ClassRunner.java:287)
	at org.junit.internal.runners.model.ReflectiveCallable.run(ReflectiveCallable.java:12)
	at org.springframework.test.context.junit4.SpringJUnit4ClassRunner.methodBlock(SpringJUnit4ClassRunner.java:289)
	at org.springframework.test.context.junit4.SpringJUnit4ClassRunner.runChild(SpringJUnit4ClassRunner.java:247)
	at org.springframework.test.context.junit4.SpringJUnit4ClassRunner.runChild(SpringJUnit4ClassRunner.java:94)
	at org.junit.runners.ParentRunner$3.run(ParentRunner.java:290)
	at org.junit.runners.ParentRunner$1.schedule(ParentRunner.java:71)
	at org.junit.runners.ParentRunner.runChildren(ParentRunner.java:288)
	at org.junit.runners.ParentRunner.access$000(ParentRunner.java:58)
	at org.junit.runners.ParentRunner$2.evaluate(ParentRunner.java:268)
	at org.springframework.test.context.junit4.statements.RunBeforeTestClassCallbacks.evaluate(RunBeforeTestClassCallbacks.java:61)
	at org.springframework.test.context.junit4.statements.RunAfterTestClassCallbacks.evaluate(RunAfterTestClassCallbacks.java:70)
	at org.junit.runners.ParentRunner.run(ParentRunner.java:363)
	at org.springframework.test.context.junit4.SpringJUnit4ClassRunner.run(SpringJUnit4ClassRunner.java:191)
	at org.apache.maven.surefire.junit4.JUnit4Provider.execute(JUnit4Provider.java:283)
	at org.apache.maven.surefire.junit4.JUnit4Provider.executeWithRerun(JUnit4Provider.java:173)
	at org.apache.maven.surefire.junit4.JUnit4Provider.executeTestSet(JUnit4Provider.java:153)
	at org.apache.maven.surefire.junit4.JUnit4Provider.invoke(JUnit4Provider.java:128)
	at org.apache.maven.surefire.booter.ForkedBooter.invokeProviderInSameClassLoader(ForkedBooter.java:203)
	at org.apache.maven.surefire.booter.ForkedBooter.runSuitesInProcess(ForkedBooter.java:155)
	at org.apache.maven.surefire.booter.ForkedBooter.main(ForkedBooter.java:103)
Caused by: org.springframework.beans.factory.UnsatisfiedDependencyException: Error creating bean with name 'orquestadorController' defined in file [/Users/Valentina1/Desktop/UNIVERSIDAD USB/SEXTO SEMESTRE/D. sistemas comput/swagger/swagger-project-step4/ResolveEnigmaApStep4/target/classes/co/com/agudelo/microservice/resolveEnigmaApi/controllers/OrquestadorController.class]: Unsatisfied dependency expressed through constructor parameter 0; nested exception is org.springframework.beans.factory.NoSuchBeanDefinitionException: No qualifying bean of type 'co.com.agudelo.microservice.resolveEnigmaApi.services.OrquestadorService' available: expected at least 1 bean which qualifies as autowire candidate. Dependency annotations: {}
	at org.springframework.beans.factory.support.ConstructorResolver.createArgumentArray(ConstructorResolver.java:749)
	at org.springframework.beans.factory.support.ConstructorResolver.autowireConstructor(ConstructorResolver.java:189)
	at org.springframework.beans.factory.support.AbstractAutowireCapableBeanFactory.autowireConstructor(AbstractAutowireCapableBeanFactory.java:1193)
	at org.springframework.beans.factory.support.AbstractAutowireCapableBeanFactory.createBeanInstance(AbstractAutowireCapableBeanFactory.java:1095)
	at org.springframework.beans.factory.support.AbstractAutowireCapableBeanFactory.doCreateBean(AbstractAutowireCapableBeanFactory.java:513)
	at org.springframework.beans.factory.support.AbstractAutowireCapableBeanFactory.createBean(AbstractAutowireCapableBeanFactory.java:483)
	at org.springframework.beans.factory.support.AbstractBeanFactory$1.getObject(AbstractBeanFactory.java:306)
	at org.springframework.beans.factory.support.DefaultSingletonBeanRegistry.getSingleton(DefaultSingletonBeanRegistry.java:230)
	at org.springframework.beans.factory.support.AbstractBeanFactory.doGetBean(AbstractBeanFactory.java:302)
	at org.springframework.beans.factory.support.AbstractBeanFactory.getBean(AbstractBeanFactory.java:197)
	at org.springframework.beans.factory.support.DefaultListableBeanFactory.preInstantiateSingletons(DefaultListableBeanFactory.java:761)
	at org.springframework.context.support.AbstractApplicationContext.finishBeanFactoryInitialization(AbstractApplicationContext.java:867)
	at org.springframework.context.support.AbstractApplicationContext.refresh(AbstractApplicationContext.java:543)
	at org.springframework.boot.SpringApplication.refresh(SpringApplication.java:693)
	at org.springframework.boot.SpringApplication.refreshContext(SpringApplication.java:360)
	at org.springframework.boot.SpringApplication.run(SpringApplication.java:303)
	at org.springframework.boot.test.context.SpringBootContextLoader.loadContext(SpringBootContextLoader.java:120)
	at org.springframework.test.context.cache.DefaultCacheAwareContextLoaderDelegate.loadContextInternal(DefaultCacheAwareContextLoaderDelegate.java:98)
	at org.springframework.test.context.cache.DefaultCacheAwareContextLoaderDelegate.loadContext(DefaultCacheAwareContextLoaderDelegate.java:116)
	at org.springframework.test.context.support.DefaultTestContext.getApplicationContext(DefaultTestContext.java:83)
	at org.springframework.test.context.web.ServletTestExecutionListener.setUpRequestContextIfNecessary(ServletTestExecutionListener.java:189)
	at org.springframework.test.context.web.ServletTestExecutionListener.prepareTestInstance(ServletTestExecutionListener.java:131)
	at org.springframework.test.context.TestContextManager.prepareTestInstance(TestContextManager.java:230)
	at org.springframework.test.context.junit4.SpringJUnit4ClassRunner.createTest(SpringJUnit4ClassRunner.java:228)
	at org.springframework.test.context.junit4.SpringJUnit4ClassRunner$1.runReflectiveCall(SpringJUnit4ClassRunner.java:287)
	at org.junit.internal.runners.model.ReflectiveCallable.run(ReflectiveCallable.java:12)
	at org.springframework.test.context.junit4.SpringJUnit4ClassRunner.methodBlock(SpringJUnit4ClassRunner.java:289)
	at org.springframework.test.context.junit4.SpringJUnit4ClassRunner.runChild(SpringJUnit4ClassRunner.java:247)
	at org.springframework.test.context.junit4.SpringJUnit4ClassRunner.runChild(SpringJUnit4ClassRunner.java:94)
	at org.junit.runners.ParentRunner$3.run(ParentRunner.java:290)
	at org.junit.runners.ParentRunner$1.schedule(ParentRunner.java:71)
	at org.junit.runners.ParentRunner.runChildren(ParentRunner.java:288)
	at org.junit.runners.ParentRunner.access$000(ParentRunner.java:58)
	at org.junit.runners.ParentRunner$2.evaluate(ParentRunner.java:268)
	at org.springframework.test.context.junit4.statements.RunBeforeTestClassCallbacks.evaluate(RunBeforeTestClassCallbacks.java:61)
	at org.springframework.test.context.junit4.statements.RunAfterTestClassCallbacks.evaluate(RunAfterTestClassCallbacks.java:70)
	at org.junit.runners.ParentRunner.run(ParentRunner.java:363)
	at org.springframework.test.context.junit4.SpringJUnit4ClassRunner.run(SpringJUnit4ClassRunner.java:191)
	at org.apache.maven.surefire.junit4.JUnit4Provider.execute(JUnit4Provider.java:283)
	at org.apache.maven.surefire.junit4.JUnit4Provider.executeWithRerun(JUnit4Provider.java:173)
	at org.apache.maven.surefire.junit4.JUnit4Provider.executeTestSet(JUnit4Provider.java:153)
	at org.apache.maven.surefire.junit4.JUnit4Provider.invoke(JUnit4Provider.java:128)
	at org.apache.maven.surefire.booter.ForkedBooter.invokeProviderInSameClassLoader(ForkedBooter.java:203)
	at org.apache.maven.surefire.booter.ForkedBooter.runSuitesInProcess(ForkedBooter.java:155)
	at org.apache.maven.surefire.booter.ForkedBooter.main(ForkedBooter.java:103)
Caused by: org.springframework.beans.factory.NoSuchBeanDefinitionException: No qualifying bean of type 'co.com.agudelo.microservice.resolveEnigmaApi.services.OrquestadorService' available: expected at least 1 bean which qualifies as autowire candidate. Dependency annotations: {}
	at org.springframework.beans.factory.support.DefaultListableBeanFactory.raiseNoMatchingBeanFound(DefaultListableBeanFactory.java:1493)
	at org.springframework.beans.factory.support.DefaultListableBeanFactory.doResolveDependency(DefaultListableBeanFactory.java:1104)
	at org.springframework.beans.factory.support.DefaultListableBeanFactory.resolveDependency(DefaultListableBeanFactory.java:1066)
	at org.springframework.beans.factory.support.ConstructorResolver.resolveAutowiredArgument(ConstructorResolver.java:835)
	at org.springframework.beans.factory.support.ConstructorResolver.createArgumentArray(ConstructorResolver.java:741)
	at org.springframework.beans.factory.support.ConstructorResolver.autowireConstructor(ConstructorResolver.java:189)
	at org.springframework.beans.factory.support.AbstractAutowireCapableBeanFactory.autowireConstructor(AbstractAutowireCapableBeanFactory.java:1193)
	at org.springframework.beans.factory.support.AbstractAutowireCapableBeanFactory.createBeanInstance(AbstractAutowireCapableBeanFactory.java:1095)
	at org.springframework.beans.factory.support.AbstractAutowireCapableBeanFactory.doCreateBean(AbstractAutowireCapableBeanFactory.java:513)
	at org.springframework.beans.factory.support.AbstractAutowireCapableBeanFactory.createBean(AbstractAutowireCapableBeanFactory.java:483)
	at org.springframework.beans.factory.support.AbstractBeanFactory$1.getObject(AbstractBeanFactory.java:306)
	at org.springframework.beans.factory.support.DefaultSingletonBeanRegistry.getSingleton(DefaultSingletonBeanRegistry.java:230)
	at org.springframework.beans.factory.support.AbstractBeanFactory.doGetBean(AbstractBeanFactory.java:302)
	at org.springframework.beans.factory.support.AbstractBeanFactory.getBean(AbstractBeanFactory.java:197)
	at org.springframework.beans.factory.support.DefaultListableBeanFactory.preInstantiateSingletons(DefaultListableBeanFactory.java:761)
	at org.springframework.context.support.AbstractApplicationContext.finishBeanFactoryInitialization(AbstractApplicationContext.java:867)
	at org.springframework.context.support.AbstractApplicationContext.refresh(AbstractApplicationContext.java:543)
	at org.springframework.boot.SpringApplication.refresh(SpringApplication.java:693)
	at org.springframework.boot.SpringApplication.refreshContext(SpringApplication.java:360)
	at org.springframework.boot.SpringApplication.run(SpringApplication.java:303)
	at org.springframework.boot.test.context.SpringBootContextLoader.loadContext(SpringBootContextLoader.java:120)
	at org.springframework.test.context.cache.DefaultCacheAwareContextLoaderDelegate.loadContextInternal(DefaultCacheAwareContextLoaderDelegate.java:98)
	at org.springframework.test.context.cache.DefaultCacheAwareContextLoaderDelegate.loadContext(DefaultCacheAwareContextLoaderDelegate.java:116)
	at org.springframework.test.context.support.DefaultTestContext.getApplicationContext(DefaultTestContext.java:83)
	at org.springframework.test.context.web.ServletTestExecutionListener.setUpRequestContextIfNecessary(ServletTestExecutionListener.java:189)
	at org.springframework.test.context.web.ServletTestExecutionListener.prepareTestInstance(ServletTestExecutionListener.java:131)
	at org.springframework.test.context.TestContextManager.prepareTestInstance(TestContextManager.java:230)
	at org.springframework.test.context.junit4.SpringJUnit4ClassRunner.createTest(SpringJUnit4ClassRunner.java:228)
	at org.springframework.test.context.junit4.SpringJUnit4ClassRunner$1.runReflectiveCall(SpringJUnit4ClassRunner.java:287)
	at org.junit.internal.runners.model.ReflectiveCallable.run(ReflectiveCallable.java:12)
	at org.springframework.test.context.junit4.SpringJUnit4ClassRunner.methodBlock(SpringJUnit4ClassRunner.java:289)
	at org.springframework.test.context.junit4.SpringJUnit4ClassRunner.runChild(SpringJUnit4ClassRunner.java:247)
	at org.springframework.test.context.junit4.SpringJUnit4ClassRunner.runChild(SpringJUnit4ClassRunner.java:94)
	at org.junit.runners.ParentRunner$3.run(ParentRunner.java:290)
	at org.junit.runners.ParentRunner$1.schedule(ParentRunner.java:71)
	at org.junit.runners.ParentRunner.runChildren(ParentRunner.java:288)
	at org.junit.runners.ParentRunner.access$000(ParentRunner.java:58)
	at org.junit.runners.ParentRunner$2.evaluate(ParentRunner.java:268)
	at org.springframework.test.context.junit4.statements.RunBeforeTestClassCallbacks.evaluate(RunBeforeTestClassCallbacks.java:61)
	at org.springframework.test.context.junit4.statements.RunAfterTestClassCallbacks.evaluate(RunAfterTestClassCallbacks.java:70)
	at org.junit.runners.ParentRunner.run(ParentRunner.java:363)
	at org.springframework.test.context.junit4.SpringJUnit4ClassRunner.run(SpringJUnit4ClassRunner.java:191)
	at org.apache.maven.surefire.junit4.JUnit4Provider.execute(JUnit4Provider.java:283)
	at org.apache.maven.surefire.junit4.JUnit4Provider.executeWithRerun(JUnit4Provider.java:173)
	at org.apache.maven.surefire.junit4.JUnit4Provider.executeTestSet(JUnit4Provider.java:153)
	at org.apache.maven.surefire.junit4.JUnit4Provider.invoke(JUnit4Provider.java:128)
	at org.apache.maven.surefire.booter.ForkedBooter.invokeProviderInSameClassLoader(ForkedBooter.java:203)
	at org.apache.maven.surefire.booter.ForkedBooter.runSuitesInProcess(ForkedBooter.java:155)
	at org.apache.maven.surefire.booter.ForkedBooter.main(ForkedBooter.java:103)
</error>
    <system-out><![CDATA[21:55:17.079 [main] DEBUG org.springframework.test.context.junit4.SpringJUnit4ClassRunner - SpringJUnit4ClassRunner constructor called with [class co.com.agudelo.microservice.resolveEnigmaApi.api.GetStepApiControllerIntegrationTest]
21:55:17.083 [main] DEBUG org.springframework.test.context.BootstrapUtils - Instantiating CacheAwareContextLoaderDelegate from class [org.springframework.test.context.cache.DefaultCacheAwareContextLoaderDelegate]
21:55:17.090 [main] DEBUG org.springframework.test.context.BootstrapUtils - Instantiating BootstrapContext using constructor [public org.springframework.test.context.support.DefaultBootstrapContext(java.lang.Class,org.springframework.test.context.CacheAwareContextLoaderDelegate)]
21:55:17.103 [main] DEBUG org.springframework.test.context.BootstrapUtils - Instantiating TestContextBootstrapper for test class [co.com.agudelo.microservice.resolveEnigmaApi.api.GetStepApiControllerIntegrationTest] from class [org.springframework.boot.test.context.SpringBootTestContextBootstrapper]
21:55:17.112 [main] INFO org.springframework.boot.test.context.SpringBootTestContextBootstrapper - Neither @ContextConfiguration nor @ContextHierarchy found for test class [co.com.agudelo.microservice.resolveEnigmaApi.api.GetStepApiControllerIntegrationTest], using SpringBootContextLoader
21:55:17.115 [main] DEBUG org.springframework.test.context.support.AbstractContextLoader - Did not detect default resource location for test class [co.com.agudelo.microservice.resolveEnigmaApi.api.GetStepApiControllerIntegrationTest]: class path resource [co/com/agudelo/microservice/resolveEnigmaApi/api/GetStepApiControllerIntegrationTest-context.xml] does not exist
21:55:17.115 [main] DEBUG org.springframework.test.context.support.AbstractContextLoader - Did not detect default resource location for test class [co.com.agudelo.microservice.resolveEnigmaApi.api.GetStepApiControllerIntegrationTest]: class path resource [co/com/agudelo/microservice/resolveEnigmaApi/api/GetStepApiControllerIntegrationTestContext.groovy] does not exist
21:55:17.115 [main] INFO org.springframework.test.context.support.AbstractContextLoader - Could not detect default resource locations for test class [co.com.agudelo.microservice.resolveEnigmaApi.api.GetStepApiControllerIntegrationTest]: no resource found for suffixes {-context.xml, Context.groovy}.
21:55:17.116 [main] INFO org.springframework.test.context.support.AnnotationConfigContextLoaderUtils - Could not detect default configuration classes for test class [co.com.agudelo.microservice.resolveEnigmaApi.api.GetStepApiControllerIntegrationTest]: GetStepApiControllerIntegrationTest does not declare any static, non-private, non-final, nested classes annotated with @Configuration.
21:55:17.148 [main] DEBUG org.springframework.test.context.support.ActiveProfilesUtils - Could not find an 'annotation declaring class' for annotation type [org.springframework.test.context.ActiveProfiles] and class [co.com.agudelo.microservice.resolveEnigmaApi.api.GetStepApiControllerIntegrationTest]
21:55:17.155 [main] DEBUG org.springframework.core.env.StandardEnvironment - Adding PropertySource 'systemProperties' with lowest search precedence
21:55:17.156 [main] DEBUG org.springframework.core.env.StandardEnvironment - Adding PropertySource 'systemEnvironment' with lowest search precedence
21:55:17.157 [main] DEBUG org.springframework.core.env.StandardEnvironment - Initialized StandardEnvironment with PropertySources [MapPropertySource@1754638213 {name='systemProperties', properties={java.runtime.name=OpenJDK Runtime Environment, sun.boot.library.path=/Users/Valentina1/.sdkman/candidates/java/8.0.402-zulu/zulu-8.jdk/Contents/Home/jre/lib, java.vm.version=25.402-b06, gopherProxySet=false, jdk.vendor.version=Zulu 8.76.0.17-CA-macos-aarch64, java.vm.vendor=Azul Systems, Inc., java.vendor.url=http://www.azul.com/, path.separator=:, java.vm.name=OpenJDK 64-Bit Server VM, file.encoding.pkg=sun.io, user.country=MX, sun.java.launcher=SUN_STANDARD, sun.os.patch.level=unknown, java.vm.specification.name=Java Virtual Machine Specification, user.dir=/Users/Valentina1/Desktop/UNIVERSIDAD USB/SEXTO SEMESTRE/D. sistemas comput/swagger/swagger-project-step4/ResolveEnigmaApStep4, java.runtime.version=1.8.0_402-b06, basedir=/Users/Valentina1/Desktop/UNIVERSIDAD USB/SEXTO SEMESTRE/D. sistemas comput/swagger/swagger-project-step4/ResolveEnigmaApStep4, java.awt.graphicsenv=sun.awt.CGraphicsEnvironment, java.endorsed.dirs=/Users/Valentina1/.sdkman/candidates/java/8.0.402-zulu/zulu-8.jdk/Contents/Home/jre/lib/endorsed, os.arch=aarch64, surefire.real.class.path=/Users/Valentina1/Desktop/UNIVERSIDAD USB/SEXTO SEMESTRE/D. sistemas comput/swagger/swagger-project-step4/ResolveEnigmaApStep4/target/surefire/surefirebooter4531207970657231636.jar, java.io.tmpdir=/var/folders/96/b5_88bjn7wj7rgktg_czmpdr0000gq/T/, line.separator=
, java.vm.specification.vendor=Oracle Corporation, os.name=Mac OS X, sun.jnu.encoding=UTF-8, java.library.path=/Users/Valentina1/Library/Java/Extensions:/Library/Java/Extensions:/Network/Library/Java/Extensions:/System/Library/Java/Extensions:/usr/lib/java:., surefire.test.class.path=/Users/Valentina1/Desktop/UNIVERSIDAD USB/SEXTO SEMESTRE/D. sistemas comput/swagger/swagger-project-step4/ResolveEnigmaApStep4/target/test-classes:/Users/Valentina1/Desktop/UNIVERSIDAD USB/SEXTO SEMESTRE/D. sistemas comput/swagger/swagger-project-step4/ResolveEnigmaApStep4/target/classes:/Users/Valentina1/.m2/repository/org/springframework/boot/spring-boot-starter-web/1.5.9.RELEASE/spring-boot-starter-web-1.5.9.RELEASE.jar:/Users/Valentina1/.m2/repository/org/springframework/boot/spring-boot-starter/1.5.9.RELEASE/spring-boot-starter-1.5.9.RELEASE.jar:/Users/Valentina1/.m2/repository/org/springframework/boot/spring-boot/1.5.9.RELEASE/spring-boot-1.5.9.RELEASE.jar:/Users/Valentina1/.m2/repository/org/springframework/boot/spring-boot-autoconfigure/1.5.9.RELEASE/spring-boot-autoconfigure-1.5.9.RELEASE.jar:/Users/Valentina1/.m2/repository/org/springframework/boot/spring-boot-starter-logging/1.5.9.RELEASE/spring-boot-starter-logging-1.5.9.RELEASE.jar:/Users/Valentina1/.m2/repository/ch/qos/logback/logback-classic/1.1.11/logback-classic-1.1.11.jar:/Users/Valentina1/.m2/repository/ch/qos/logback/logback-core/1.1.11/logback-core-1.1.11.jar:/Users/Valentina1/.m2/repository/org/slf4j/jcl-over-slf4j/1.7.25/jcl-over-slf4j-1.7.25.jar:/Users/Valentina1/.m2/repository/org/slf4j/jul-to-slf4j/1.7.25/jul-to-slf4j-1.7.25.jar:/Users/Valentina1/.m2/repository/org/slf4j/log4j-over-slf4j/1.7.25/log4j-over-slf4j-1.7.25.jar:/Users/Valentina1/.m2/repository/org/yaml/snakeyaml/1.17/snakeyaml-1.17.jar:/Users/Valentina1/.m2/repository/org/hibernate/hibernate-validator/5.3.6.Final/hibernate-validator-5.3.6.Final.jar:/Users/Valentina1/.m2/repository/org/jboss/logging/jboss-logging/3.3.1.Final/jboss-logging-3.3.1.Final.jar:/Users/Valentina1/.m2/repository/com/fasterxml/jackson/core/jackson-databind/2.8.10/jackson-databind-2.8.10.jar:/Users/Valentina1/.m2/repository/com/fasterxml/jackson/core/jackson-annotations/2.8.0/jackson-annotations-2.8.0.jar:/Users/Valentina1/.m2/repository/org/springframework/spring-web/4.3.13.RELEASE/spring-web-4.3.13.RELEASE.jar:/Users/Valentina1/.m2/repository/org/springframework/spring-aop/4.3.13.RELEASE/spring-aop-4.3.13.RELEASE.jar:/Users/Valentina1/.m2/repository/org/springframework/spring-beans/4.3.13.RELEASE/spring-beans-4.3.13.RELEASE.jar:/Users/Valentina1/.m2/repository/org/springframework/spring-context/4.3.13.RELEASE/spring-context-4.3.13.RELEASE.jar:/Users/Valentina1/.m2/repository/org/springframework/spring-webmvc/4.3.13.RELEASE/spring-webmvc-4.3.13.RELEASE.jar:/Users/Valentina1/.m2/repository/org/springframework/spring-expression/4.3.13.RELEASE/spring-expression-4.3.13.RELEASE.jar:/Users/Valentina1/.m2/repository/org/springframework/boot/spring-boot-starter-tomcat/1.5.9.RELEASE/spring-boot-starter-tomcat-1.5.9.RELEASE.jar:/Users/Valentina1/.m2/repository/org/apache/tomcat/embed/tomcat-embed-core/8.5.23/tomcat-embed-core-8.5.23.jar:/Users/Valentina1/.m2/repository/org/apache/tomcat/tomcat-annotations-api/8.5.23/tomcat-annotations-api-8.5.23.jar:/Users/Valentina1/.m2/repository/org/apache/tomcat/embed/tomcat-embed-el/8.5.23/tomcat-embed-el-8.5.23.jar:/Users/Valentina1/.m2/repository/org/apache/tomcat/embed/tomcat-embed-websocket/8.5.23/tomcat-embed-websocket-8.5.23.jar:/Users/Valentina1/.m2/repository/io/springfox/springfox-swagger2/2.7.0/springfox-swagger2-2.7.0.jar:/Users/Valentina1/.m2/repository/io/swagger/swagger-annotations/1.5.13/swagger-annotations-1.5.13.jar:/Users/Valentina1/.m2/repository/io/swagger/swagger-models/1.5.13/swagger-models-1.5.13.jar:/Users/Valentina1/.m2/repository/io/springfox/springfox-spi/2.7.0/springfox-spi-2.7.0.jar:/Users/Valentina1/.m2/repository/io/springfox/springfox-core/2.7.0/springfox-core-2.7.0.jar:/Users/Valentina1/.m2/repository/net/bytebuddy/byte-buddy/1.6.14/byte-buddy-1.6.14.jar:/Users/Valentina1/.m2/repository/io/springfox/springfox-schema/2.7.0/springfox-schema-2.7.0.jar:/Users/Valentina1/.m2/repository/io/springfox/springfox-swagger-common/2.7.0/springfox-swagger-common-2.7.0.jar:/Users/Valentina1/.m2/repository/io/springfox/springfox-spring-web/2.7.0/springfox-spring-web-2.7.0.jar:/Users/Valentina1/.m2/repository/org/reflections/reflections/0.9.11/reflections-0.9.11.jar:/Users/Valentina1/.m2/repository/org/javassist/javassist/3.21.0-GA/javassist-3.21.0-GA.jar:/Users/Valentina1/.m2/repository/com/google/guava/guava/18.0/guava-18.0.jar:/Users/Valentina1/.m2/repository/com/fasterxml/classmate/1.3.4/classmate-1.3.4.jar:/Users/Valentina1/.m2/repository/org/slf4j/slf4j-api/1.7.25/slf4j-api-1.7.25.jar:/Users/Valentina1/.m2/repository/org/springframework/plugin/spring-plugin-core/1.2.0.RELEASE/spring-plugin-core-1.2.0.RELEASE.jar:/Users/Valentina1/.m2/repository/org/springframework/plugin/spring-plugin-metadata/1.2.0.RELEASE/spring-plugin-metadata-1.2.0.RELEASE.jar:/Users/Valentina1/.m2/repository/org/mapstruct/mapstruct/1.1.0.Final/mapstruct-1.1.0.Final.jar:/Users/Valentina1/.m2/repository/io/springfox/springfox-swagger-ui/2.7.0/springfox-swagger-ui-2.7.0.jar:/Users/Valentina1/.m2/repository/com/github/joschi/jackson/jackson-datatype-threetenbp/2.6.4/jackson-datatype-threetenbp-2.6.4.jar:/Users/Valentina1/.m2/repository/org/threeten/threetenbp/1.3.1/threetenbp-1.3.1.jar:/Users/Valentina1/.m2/repository/com/fasterxml/jackson/core/jackson-core/2.8.10/jackson-core-2.8.10.jar:/Users/Valentina1/.m2/repository/javax/validation/validation-api/1.1.0.Final/validation-api-1.1.0.Final.jar:/Users/Valentina1/.m2/repository/org/springframework/boot/spring-boot-starter-test/1.5.9.RELEASE/spring-boot-starter-test-1.5.9.RELEASE.jar:/Users/Valentina1/.m2/repository/org/springframework/boot/spring-boot-test/1.5.9.RELEASE/spring-boot-test-1.5.9.RELEASE.jar:/Users/Valentina1/.m2/repository/org/springframework/boot/spring-boot-test-autoconfigure/1.5.9.RELEASE/spring-boot-test-autoconfigure-1.5.9.RELEASE.jar:/Users/Valentina1/.m2/repository/com/jayway/jsonpath/json-path/2.2.0/json-path-2.2.0.jar:/Users/Valentina1/.m2/repository/net/minidev/json-smart/2.2.1/json-smart-2.2.1.jar:/Users/Valentina1/.m2/repository/net/minidev/accessors-smart/1.1/accessors-smart-1.1.jar:/Users/Valentina1/.m2/repository/org/ow2/asm/asm/5.0.3/asm-5.0.3.jar:/Users/Valentina1/.m2/repository/junit/junit/4.12/junit-4.12.jar:/Users/Valentina1/.m2/repository/org/assertj/assertj-core/2.6.0/assertj-core-2.6.0.jar:/Users/Valentina1/.m2/repository/org/mockito/mockito-core/1.10.19/mockito-core-1.10.19.jar:/Users/Valentina1/.m2/repository/org/objenesis/objenesis/2.1/objenesis-2.1.jar:/Users/Valentina1/.m2/repository/org/hamcrest/hamcrest-core/1.3/hamcrest-core-1.3.jar:/Users/Valentina1/.m2/repository/org/hamcrest/hamcrest-library/1.3/hamcrest-library-1.3.jar:/Users/Valentina1/.m2/repository/org/skyscreamer/jsonassert/1.4.0/jsonassert-1.4.0.jar:/Users/Valentina1/.m2/repository/com/vaadin/external/google/android-json/0.0.20131108.vaadin1/android-json-0.0.20131108.vaadin1.jar:/Users/Valentina1/.m2/repository/org/springframework/spring-core/4.3.13.RELEASE/spring-core-4.3.13.RELEASE.jar:/Users/Valentina1/.m2/repository/org/springframework/spring-test/4.3.13.RELEASE/spring-test-4.3.13.RELEASE.jar:/Users/Valentina1/.m2/repository/javax/xml/bind/jaxb-api/2.3.1/jaxb-api-2.3.1.jar:/Users/Valentina1/.m2/repository/javax/activation/javax.activation-api/1.2.0/javax.activation-api-1.2.0.jar:/Users/Valentina1/.m2/repository/org/glassfish/jaxb/jaxb-runtime/2.3.1/jaxb-runtime-2.3.1.jar:/Users/Valentina1/.m2/repository/org/glassfish/jaxb/txw2/2.3.1/txw2-2.3.1.jar:/Users/Valentina1/.m2/repository/com/sun/istack/istack-commons-runtime/3.0.7/istack-commons-runtime-3.0.7.jar:/Users/Valentina1/.m2/repository/org/jvnet/staxex/stax-ex/1.8/stax-ex-1.8.jar:/Users/Valentina1/.m2/repository/com/sun/xml/fastinfoset/FastInfoset/1.2.15/FastInfoset-1.2.15.jar:/Users/Valentina1/.m2/repository/javax/activation/activation/1.1.1/activation-1.1.1.jar:, java.specification.name=Java Platform API Specification, java.class.version=52.0, sun.management.compiler=HotSpot 64-Bit Tiered Compilers, os.version=12.5, http.nonProxyHosts=local|*.local|169.254/16|*.169.254/16, user.home=/Users/Valentina1, user.timezone=America/Bogota, java.awt.printerjob=sun.lwawt.macosx.CPrinterJob, file.encoding=UTF-8, java.specification.version=1.8, java.class.path=/Users/Valentina1/Desktop/UNIVERSIDAD USB/SEXTO SEMESTRE/D. sistemas comput/swagger/swagger-project-step4/ResolveEnigmaApStep4/target/test-classes:/Users/Valentina1/Desktop/UNIVERSIDAD USB/SEXTO SEMESTRE/D. sistemas comput/swagger/swagger-project-step4/ResolveEnigmaApStep4/target/classes:/Users/Valentina1/.m2/repository/org/springframework/boot/spring-boot-starter-web/1.5.9.RELEASE/spring-boot-starter-web-1.5.9.RELEASE.jar:/Users/Valentina1/.m2/repository/org/springframework/boot/spring-boot-starter/1.5.9.RELEASE/spring-boot-starter-1.5.9.RELEASE.jar:/Users/Valentina1/.m2/repository/org/springframework/boot/spring-boot/1.5.9.RELEASE/spring-boot-1.5.9.RELEASE.jar:/Users/Valentina1/.m2/repository/org/springframework/boot/spring-boot-autoconfigure/1.5.9.RELEASE/spring-boot-autoconfigure-1.5.9.RELEASE.jar:/Users/Valentina1/.m2/repository/org/springframework/boot/spring-boot-starter-logging/1.5.9.RELEASE/spring-boot-starter-logging-1.5.9.RELEASE.jar:/Users/Valentina1/.m2/repository/ch/qos/logback/logback-classic/1.1.11/logback-classic-1.1.11.jar:/Users/Valentina1/.m2/repository/ch/qos/logback/logback-core/1.1.11/logback-core-1.1.11.jar:/Users/Valentina1/.m2/repository/org/slf4j/jcl-over-slf4j/1.7.25/jcl-over-slf4j-1.7.25.jar:/Users/Valentina1/.m2/repository/org/slf4j/jul-to-slf4j/1.7.25/jul-to-slf4j-1.7.25.jar:/Users/Valentina1/.m2/repository/org/slf4j/log4j-over-slf4j/1.7.25/log4j-over-slf4j-1.7.25.jar:/Users/Valentina1/.m2/repository/org/yaml/snakeyaml/1.17/snakeyaml-1.17.jar:/Users/Valentina1/.m2/repository/org/hibernate/hibernate-validator/5.3.6.Final/hibernate-validator-5.3.6.Final.jar:/Users/Valentina1/.m2/repository/org/jboss/logging/jboss-logging/3.3.1.Final/jboss-logging-3.3.1.Final.jar:/Users/Valentina1/.m2/repository/com/fasterxml/jackson/core/jackson-databind/2.8.10/jackson-databind-2.8.10.jar:/Users/Valentina1/.m2/repository/com/fasterxml/jackson/core/jackson-annotations/2.8.0/jackson-annotations-2.8.0.jar:/Users/Valentina1/.m2/repository/org/springframework/spring-web/4.3.13.RELEASE/spring-web-4.3.13.RELEASE.jar:/Users/Valentina1/.m2/repository/org/springframework/spring-aop/4.3.13.RELEASE/spring-aop-4.3.13.RELEASE.jar:/Users/Valentina1/.m2/repository/org/springframework/spring-beans/4.3.13.RELEASE/spring-beans-4.3.13.RELEASE.jar:/Users/Valentina1/.m2/repository/org/springframework/spring-context/4.3.13.RELEASE/spring-context-4.3.13.RELEASE.jar:/Users/Valentina1/.m2/repository/org/springframework/spring-webmvc/4.3.13.RELEASE/spring-webmvc-4.3.13.RELEASE.jar:/Users/Valentina1/.m2/repository/org/springframework/spring-expression/4.3.13.RELEASE/spring-expression-4.3.13.RELEASE.jar:/Users/Valentina1/.m2/repository/org/springframework/boot/spring-boot-starter-tomcat/1.5.9.RELEASE/spring-boot-starter-tomcat-1.5.9.RELEASE.jar:/Users/Valentina1/.m2/repository/org/apache/tomcat/embed/tomcat-embed-core/8.5.23/tomcat-embed-core-8.5.23.jar:/Users/Valentina1/.m2/repository/org/apache/tomcat/tomcat-annotations-api/8.5.23/tomcat-annotations-api-8.5.23.jar:/Users/Valentina1/.m2/repository/org/apache/tomcat/embed/tomcat-embed-el/8.5.23/tomcat-embed-el-8.5.23.jar:/Users/Valentina1/.m2/repository/org/apache/tomcat/embed/tomcat-embed-websocket/8.5.23/tomcat-embed-websocket-8.5.23.jar:/Users/Valentina1/.m2/repository/io/springfox/springfox-swagger2/2.7.0/springfox-swagger2-2.7.0.jar:/Users/Valentina1/.m2/repository/io/swagger/swagger-annotations/1.5.13/swagger-annotations-1.5.13.jar:/Users/Valentina1/.m2/repository/io/swagger/swagger-models/1.5.13/swagger-models-1.5.13.jar:/Users/Valentina1/.m2/repository/io/springfox/springfox-spi/2.7.0/springfox-spi-2.7.0.jar:/Users/Valentina1/.m2/repository/io/springfox/springfox-core/2.7.0/springfox-core-2.7.0.jar:/Users/Valentina1/.m2/repository/net/bytebuddy/byte-buddy/1.6.14/byte-buddy-1.6.14.jar:/Users/Valentina1/.m2/repository/io/springfox/springfox-schema/2.7.0/springfox-schema-2.7.0.jar:/Users/Valentina1/.m2/repository/io/springfox/springfox-swagger-common/2.7.0/springfox-swagger-common-2.7.0.jar:/Users/Valentina1/.m2/repository/io/springfox/springfox-spring-web/2.7.0/springfox-spring-web-2.7.0.jar:/Users/Valentina1/.m2/repository/org/reflections/reflections/0.9.11/reflections-0.9.11.jar:/Users/Valentina1/.m2/repository/org/javassist/javassist/3.21.0-GA/javassist-3.21.0-GA.jar:/Users/Valentina1/.m2/repository/com/google/guava/guava/18.0/guava-18.0.jar:/Users/Valentina1/.m2/repository/com/fasterxml/classmate/1.3.4/classmate-1.3.4.jar:/Users/Valentina1/.m2/repository/org/slf4j/slf4j-api/1.7.25/slf4j-api-1.7.25.jar:/Users/Valentina1/.m2/repository/org/springframework/plugin/spring-plugin-core/1.2.0.RELEASE/spring-plugin-core-1.2.0.RELEASE.jar:/Users/Valentina1/.m2/repository/org/springframework/plugin/spring-plugin-metadata/1.2.0.RELEASE/spring-plugin-metadata-1.2.0.RELEASE.jar:/Users/Valentina1/.m2/repository/org/mapstruct/mapstruct/1.1.0.Final/mapstruct-1.1.0.Final.jar:/Users/Valentina1/.m2/repository/io/springfox/springfox-swagger-ui/2.7.0/springfox-swagger-ui-2.7.0.jar:/Users/Valentina1/.m2/repository/com/github/joschi/jackson/jackson-datatype-threetenbp/2.6.4/jackson-datatype-threetenbp-2.6.4.jar:/Users/Valentina1/.m2/repository/org/threeten/threetenbp/1.3.1/threetenbp-1.3.1.jar:/Users/Valentina1/.m2/repository/com/fasterxml/jackson/core/jackson-core/2.8.10/jackson-core-2.8.10.jar:/Users/Valentina1/.m2/repository/javax/validation/validation-api/1.1.0.Final/validation-api-1.1.0.Final.jar:/Users/Valentina1/.m2/repository/org/springframework/boot/spring-boot-starter-test/1.5.9.RELEASE/spring-boot-starter-test-1.5.9.RELEASE.jar:/Users/Valentina1/.m2/repository/org/springframework/boot/spring-boot-test/1.5.9.RELEASE/spring-boot-test-1.5.9.RELEASE.jar:/Users/Valentina1/.m2/repository/org/springframework/boot/spring-boot-test-autoconfigure/1.5.9.RELEASE/spring-boot-test-autoconfigure-1.5.9.RELEASE.jar:/Users/Valentina1/.m2/repository/com/jayway/jsonpath/json-path/2.2.0/json-path-2.2.0.jar:/Users/Valentina1/.m2/repository/net/minidev/json-smart/2.2.1/json-smart-2.2.1.jar:/Users/Valentina1/.m2/repository/net/minidev/accessors-smart/1.1/accessors-smart-1.1.jar:/Users/Valentina1/.m2/repository/org/ow2/asm/asm/5.0.3/asm-5.0.3.jar:/Users/Valentina1/.m2/repository/junit/junit/4.12/junit-4.12.jar:/Users/Valentina1/.m2/repository/org/assertj/assertj-core/2.6.0/assertj-core-2.6.0.jar:/Users/Valentina1/.m2/repository/org/mockito/mockito-core/1.10.19/mockito-core-1.10.19.jar:/Users/Valentina1/.m2/repository/org/objenesis/objenesis/2.1/objenesis-2.1.jar:/Users/Valentina1/.m2/repository/org/hamcrest/hamcrest-core/1.3/hamcrest-core-1.3.jar:/Users/Valentina1/.m2/repository/org/hamcrest/hamcrest-library/1.3/hamcrest-library-1.3.jar:/Users/Valentina1/.m2/repository/org/skyscreamer/jsonassert/1.4.0/jsonassert-1.4.0.jar:/Users/Valentina1/.m2/repository/com/vaadin/external/google/android-json/0.0.20131108.vaadin1/android-json-0.0.20131108.vaadin1.jar:/Users/Valentina1/.m2/repository/org/springframework/spring-core/4.3.13.RELEASE/spring-core-4.3.13.RELEASE.jar:/Users/Valentina1/.m2/repository/org/springframework/spring-test/4.3.13.RELEASE/spring-test-4.3.13.RELEASE.jar:/Users/Valentina1/.m2/repository/javax/xml/bind/jaxb-api/2.3.1/jaxb-api-2.3.1.jar:/Users/Valentina1/.m2/repository/javax/activation/javax.activation-api/1.2.0/javax.activation-api-1.2.0.jar:/Users/Valentina1/.m2/repository/org/glassfish/jaxb/jaxb-runtime/2.3.1/jaxb-runtime-2.3.1.jar:/Users/Valentina1/.m2/repository/org/glassfish/jaxb/txw2/2.3.1/txw2-2.3.1.jar:/Users/Valentina1/.m2/repository/com/sun/istack/istack-commons-runtime/3.0.7/istack-commons-runtime-3.0.7.jar:/Users/Valentina1/.m2/repository/org/jvnet/staxex/stax-ex/1.8/stax-ex-1.8.jar:/Users/Valentina1/.m2/repository/com/sun/xml/fastinfoset/FastInfoset/1.2.15/FastInfoset-1.2.15.jar:/Users/Valentina1/.m2/repository/javax/activation/activation/1.1.1/activation-1.1.1.jar:, user.name=Valentina1, java.vm.specification.version=1.8, sun.java.command=/Users/Valentina1/Desktop/UNIVERSIDAD USB/SEXTO SEMESTRE/D. sistemas comput/swagger/swagger-project-step4/ResolveEnigmaApStep4/target/surefire/surefirebooter4531207970657231636.jar /Users/Valentina1/Desktop/UNIVERSIDAD USB/SEXTO SEMESTRE/D. sistemas comput/swagger/swagger-project-step4/ResolveEnigmaApStep4/target/surefire/surefire8625073566561590100tmp /Users/Valentina1/Desktop/UNIVERSIDAD USB/SEXTO SEMESTRE/D. sistemas comput/swagger/swagger-project-step4/ResolveEnigmaApStep4/target/surefire/surefire_04455495490844569967tmp, java.home=/Users/Valentina1/.sdkman/candidates/java/8.0.402-zulu/zulu-8.jdk/Contents/Home/jre, sun.arch.data.model=64, user.language=es, java.specification.vendor=Oracle Corporation, awt.toolkit=sun.lwawt.macosx.LWCToolkit, java.vm.info=mixed mode, java.version=1.8.0_402, java.ext.dirs=/Users/Valentina1/Library/Java/Extensions:/Users/Valentina1/.sdkman/candidates/java/8.0.402-zulu/zulu-8.jdk/Contents/Home/jre/lib/ext:/Library/Java/Extensions:/Network/Library/Java/Extensions:/System/Library/Java/Extensions:/usr/lib/java, sun.boot.class.path=/Users/Valentina1/.sdkman/candidates/java/8.0.402-zulu/zulu-8.jdk/Contents/Home/jre/lib/resources.jar:/Users/Valentina1/.sdkman/candidates/java/8.0.402-zulu/zulu-8.jdk/Contents/Home/jre/lib/rt.jar:/Users/Valentina1/.sdkman/candidates/java/8.0.402-zulu/zulu-8.jdk/Contents/Home/jre/lib/sunrsasign.jar:/Users/Valentina1/.sdkman/candidates/java/8.0.402-zulu/zulu-8.jdk/Contents/Home/jre/lib/jsse.jar:/Users/Valentina1/.sdkman/candidates/java/8.0.402-zulu/zulu-8.jdk/Contents/Home/jre/lib/jce.jar:/Users/Valentina1/.sdkman/candidates/java/8.0.402-zulu/zulu-8.jdk/Contents/Home/jre/lib/charsets.jar:/Users/Valentina1/.sdkman/candidates/java/8.0.402-zulu/zulu-8.jdk/Contents/Home/jre/lib/jfr.jar:/Users/Valentina1/.sdkman/candidates/java/8.0.402-zulu/zulu-8.jdk/Contents/Home/jre/lib/cat.jar:/Users/Valentina1/.sdkman/candidates/java/8.0.402-zulu/zulu-8.jdk/Contents/Home/jre/classes, java.vendor=Azul Systems, Inc., java.specification.maintenance.version=5, localRepository=/Users/Valentina1/.m2/repository, file.separator=/, java.vendor.url.bug=http://www.azul.com/support/, sun.io.unicode.encoding=UnicodeBig, sun.cpu.endian=little, socksNonProxyHosts=local|*.local|169.254/16|*.169.254/16, ftp.nonProxyHosts=local|*.local|169.254/16|*.169.254/16, sun.cpu.isalist=}}, SystemEnvironmentPropertySource@407858146 {name='systemEnvironment', properties={PATH=/Users/Valentina1/.sdkman/candidates/java/current/bin:/usr/local/bin:/usr/local/bin:/Library/Frameworks/Python.framework/Versions/3.11.2/bin:/usr/local/bin:/usr/bin:/bin:/usr/sbin:/sbin:/Users/Valentina1/Desktop/apache-maven-3.9.6/bin:/Library/Frameworks/Python.framework/Versions/3.11.2/bin, JAVA_HOME=/Users/Valentina1/.sdkman/candidates/java/current, TERM=xterm-256color, JAVA_MAIN_CLASS_8270=org.apache.maven.surefire.booter.ForkedBooter, SDKMAN_DIR=/Users/Valentina1/.sdkman, LOGNAME=Valentina1, XPC_SERVICE_NAME=0, PWD=/Users/Valentina1/Desktop/UNIVERSIDAD USB/SEXTO SEMESTRE/D. sistemas comput/swagger/swagger-project-step4/ResolveEnigmaApStep4, TERM_PROGRAM_VERSION=445, MAVEN_CMD_LINE_ARGS= clean install -U, _=/Users/Valentina1/.sdkman/candidates/java/8.0.402-zulu/zulu-8.jdk/Contents/Home/jre/bin/java, SDKMAN_CANDIDATES_DIR=/Users/Valentina1/.sdkman/candidates, __CFBundleIdentifier=com.apple.Terminal, SHELL=/bin/zsh, TERM_PROGRAM=Apple_Terminal, SDKMAN_CANDIDATES_API=https://api.sdkman.io/2, MAVEN_PROJECTBASEDIR=/Users/Valentina1/Desktop/UNIVERSIDAD USB/SEXTO SEMESTRE/D. sistemas comput/swagger/swagger-project-step4/ResolveEnigmaApStep4, OLDPWD=/Users/Valentina1/Desktop/UNIVERSIDAD USB/SEXTO SEMESTRE/D. sistemas comput/swagger/swagger-project-step4/ResolveEnigmaApStep4, SDKMAN_PLATFORM=darwinarm64, USER=Valentina1, TMPDIR=/var/folders/96/b5_88bjn7wj7rgktg_czmpdr0000gq/T/, SSH_AUTH_SOCK=/private/tmp/com.apple.launchd.uSIC0FUrs6/Listeners, XPC_FLAGS=0x0, TERM_SESSION_ID=368C08A5-EC46-4036-989F-016A790F390B, __CF_USER_TEXT_ENCODING=0x1F7:0x0:0x56, LC_CTYPE=UTF-8, JAVA_MAIN_CLASS_8228=org.codehaus.plexus.classworlds.launcher.Launcher, HOME=/Users/Valentina1, SHLVL=2}}]
21:55:17.166 [main] DEBUG org.springframework.core.io.support.PathMatchingResourcePatternResolver - Resolved classpath location [co/com/agudelo/microservice/resolveEnigmaApi/api/] to resources [URL [file:/Users/Valentina1/Desktop/UNIVERSIDAD%20USB/SEXTO%20SEMESTRE/D.%20sistemas%20comput/swagger/swagger-project-step4/ResolveEnigmaApStep4/target/test-classes/co/com/agudelo/microservice/resolveEnigmaApi/api/], URL [file:/Users/Valentina1/Desktop/UNIVERSIDAD%20USB/SEXTO%20SEMESTRE/D.%20sistemas%20comput/swagger/swagger-project-step4/ResolveEnigmaApStep4/target/classes/co/com/agudelo/microservice/resolveEnigmaApi/api/]]
21:55:17.167 [main] DEBUG org.springframework.core.io.support.PathMatchingResourcePatternResolver - Looking for matching resources in directory tree [/Users/Valentina1/Desktop/UNIVERSIDAD USB/SEXTO SEMESTRE/D. sistemas comput/swagger/swagger-project-step4/ResolveEnigmaApStep4/target/test-classes/co/com/agudelo/microservice/resolveEnigmaApi/api]
21:55:17.167 [main] DEBUG org.springframework.core.io.support.PathMatchingResourcePatternResolver - Searching directory [/Users/Valentina1/Desktop/UNIVERSIDAD USB/SEXTO SEMESTRE/D. sistemas comput/swagger/swagger-project-step4/ResolveEnigmaApStep4/target/test-classes/co/com/agudelo/microservice/resolveEnigmaApi/api] for files matching pattern [/Users/Valentina1/Desktop/UNIVERSIDAD USB/SEXTO SEMESTRE/D. sistemas comput/swagger/swagger-project-step4/ResolveEnigmaApStep4/target/test-classes/co/com/agudelo/microservice/resolveEnigmaApi/api/*.class]
21:55:17.170 [main] DEBUG org.springframework.core.io.support.PathMatchingResourcePatternResolver - Looking for matching resources in directory tree [/Users/Valentina1/Desktop/UNIVERSIDAD USB/SEXTO SEMESTRE/D. sistemas comput/swagger/swagger-project-step4/ResolveEnigmaApStep4/target/classes/co/com/agudelo/microservice/resolveEnigmaApi/api]
21:55:17.170 [main] DEBUG org.springframework.core.io.support.PathMatchingResourcePatternResolver - Searching directory [/Users/Valentina1/Desktop/UNIVERSIDAD USB/SEXTO SEMESTRE/D. sistemas comput/swagger/swagger-project-step4/ResolveEnigmaApStep4/target/classes/co/com/agudelo/microservice/resolveEnigmaApi/api] for files matching pattern [/Users/Valentina1/Desktop/UNIVERSIDAD USB/SEXTO SEMESTRE/D. sistemas comput/swagger/swagger-project-step4/ResolveEnigmaApStep4/target/classes/co/com/agudelo/microservice/resolveEnigmaApi/api/*.class]
21:55:17.172 [main] DEBUG org.springframework.core.io.support.PathMatchingResourcePatternResolver - Resolved location pattern [classpath*:co/com/agudelo/microservice/resolveEnigmaApi/api/*.class] to resources [file [/Users/Valentina1/Desktop/UNIVERSIDAD USB/SEXTO SEMESTRE/D. sistemas comput/swagger/swagger-project-step4/ResolveEnigmaApStep4/target/test-classes/co/com/agudelo/microservice/resolveEnigmaApi/api/GetStepApiControllerIntegrationTest.class], file [/Users/Valentina1/Desktop/UNIVERSIDAD USB/SEXTO SEMESTRE/D. sistemas comput/swagger/swagger-project-step4/ResolveEnigmaApStep4/target/classes/co/com/agudelo/microservice/resolveEnigmaApi/api/ApiException.class], file [/Users/Valentina1/Desktop/UNIVERSIDAD USB/SEXTO SEMESTRE/D. sistemas comput/swagger/swagger-project-step4/ResolveEnigmaApStep4/target/classes/co/com/agudelo/microservice/resolveEnigmaApi/api/ApiOriginFilter.class], file [/Users/Valentina1/Desktop/UNIVERSIDAD USB/SEXTO SEMESTRE/D. sistemas comput/swagger/swagger-project-step4/ResolveEnigmaApStep4/target/classes/co/com/agudelo/microservice/resolveEnigmaApi/api/ApiResponseMessage.class], file [/Users/Valentina1/Desktop/UNIVERSIDAD USB/SEXTO SEMESTRE/D. sistemas comput/swagger/swagger-project-step4/ResolveEnigmaApStep4/target/classes/co/com/agudelo/microservice/resolveEnigmaApi/api/GetStepApi.class], file [/Users/Valentina1/Desktop/UNIVERSIDAD USB/SEXTO SEMESTRE/D. sistemas comput/swagger/swagger-project-step4/ResolveEnigmaApStep4/target/classes/co/com/agudelo/microservice/resolveEnigmaApi/api/GetStepApiController.class], file [/Users/Valentina1/Desktop/UNIVERSIDAD USB/SEXTO SEMESTRE/D. sistemas comput/swagger/swagger-project-step4/ResolveEnigmaApStep4/target/classes/co/com/agudelo/microservice/resolveEnigmaApi/api/NotFoundException.class]]
21:55:17.206 [main] DEBUG org.springframework.core.io.support.PathMatchingResourcePatternResolver - Resolved classpath location [co/com/agudelo/microservice/resolveEnigmaApi/] to resources [URL [file:/Users/Valentina1/Desktop/UNIVERSIDAD%20USB/SEXTO%20SEMESTRE/D.%20sistemas%20comput/swagger/swagger-project-step4/ResolveEnigmaApStep4/target/test-classes/co/com/agudelo/microservice/resolveEnigmaApi/], URL [file:/Users/Valentina1/Desktop/UNIVERSIDAD%20USB/SEXTO%20SEMESTRE/D.%20sistemas%20comput/swagger/swagger-project-step4/ResolveEnigmaApStep4/target/classes/co/com/agudelo/microservice/resolveEnigmaApi/]]
21:55:17.206 [main] DEBUG org.springframework.core.io.support.PathMatchingResourcePatternResolver - Looking for matching resources in directory tree [/Users/Valentina1/Desktop/UNIVERSIDAD USB/SEXTO SEMESTRE/D. sistemas comput/swagger/swagger-project-step4/ResolveEnigmaApStep4/target/test-classes/co/com/agudelo/microservice/resolveEnigmaApi]
21:55:17.207 [main] DEBUG org.springframework.core.io.support.PathMatchingResourcePatternResolver - Searching directory [/Users/Valentina1/Desktop/UNIVERSIDAD USB/SEXTO SEMESTRE/D. sistemas comput/swagger/swagger-project-step4/ResolveEnigmaApStep4/target/test-classes/co/com/agudelo/microservice/resolveEnigmaApi] for files matching pattern [/Users/Valentina1/Desktop/UNIVERSIDAD USB/SEXTO SEMESTRE/D. sistemas comput/swagger/swagger-project-step4/ResolveEnigmaApStep4/target/test-classes/co/com/agudelo/microservice/resolveEnigmaApi/*.class]
21:55:17.207 [main] DEBUG org.springframework.core.io.support.PathMatchingResourcePatternResolver - Looking for matching resources in directory tree [/Users/Valentina1/Desktop/UNIVERSIDAD USB/SEXTO SEMESTRE/D. sistemas comput/swagger/swagger-project-step4/ResolveEnigmaApStep4/target/classes/co/com/agudelo/microservice/resolveEnigmaApi]
21:55:17.207 [main] DEBUG org.springframework.core.io.support.PathMatchingResourcePatternResolver - Searching directory [/Users/Valentina1/Desktop/UNIVERSIDAD USB/SEXTO SEMESTRE/D. sistemas comput/swagger/swagger-project-step4/ResolveEnigmaApStep4/target/classes/co/com/agudelo/microservice/resolveEnigmaApi] for files matching pattern [/Users/Valentina1/Desktop/UNIVERSIDAD USB/SEXTO SEMESTRE/D. sistemas comput/swagger/swagger-project-step4/ResolveEnigmaApStep4/target/classes/co/com/agudelo/microservice/resolveEnigmaApi/*.class]
21:55:17.208 [main] DEBUG org.springframework.core.io.support.PathMatchingResourcePatternResolver - Resolved location pattern [classpath*:co/com/agudelo/microservice/resolveEnigmaApi/*.class] to resources [file [/Users/Valentina1/Desktop/UNIVERSIDAD USB/SEXTO SEMESTRE/D. sistemas comput/swagger/swagger-project-step4/ResolveEnigmaApStep4/target/classes/co/com/agudelo/microservice/resolveEnigmaApi/ResolveEnigmaApplication.class]]
21:55:17.236 [main] DEBUG org.springframework.context.annotation.ClassPathScanningCandidateComponentProvider - Identified candidate component class: file [/Users/Valentina1/Desktop/UNIVERSIDAD USB/SEXTO SEMESTRE/D. sistemas comput/swagger/swagger-project-step4/ResolveEnigmaApStep4/target/classes/co/com/agudelo/microservice/resolveEnigmaApi/ResolveEnigmaApplication.class]
21:55:17.237 [main] INFO org.springframework.boot.test.context.SpringBootTestContextBootstrapper - Found @SpringBootConfiguration co.com.agudelo.microservice.resolveEnigmaApi.ResolveEnigmaApplication for test class co.com.agudelo.microservice.resolveEnigmaApi.api.GetStepApiControllerIntegrationTest
21:55:17.240 [main] DEBUG org.springframework.boot.test.context.SpringBootTestContextBootstrapper - @TestExecutionListeners is not present for class [co.com.agudelo.microservice.resolveEnigmaApi.api.GetStepApiControllerIntegrationTest]: using defaults.
21:55:17.242 [main] INFO org.springframework.boot.test.context.SpringBootTestContextBootstrapper - Loaded default TestExecutionListener class names from location [META-INF/spring.factories]: [org.springframework.boot.test.mock.mockito.MockitoTestExecutionListener, org.springframework.boot.test.mock.mockito.ResetMocksTestExecutionListener, org.springframework.boot.test.autoconfigure.restdocs.RestDocsTestExecutionListener, org.springframework.boot.test.autoconfigure.web.client.MockRestServiceServerResetTestExecutionListener, org.springframework.boot.test.autoconfigure.web.servlet.MockMvcPrintOnlyOnFailureTestExecutionListener, org.springframework.boot.test.autoconfigure.web.servlet.WebDriverTestExecutionListener, org.springframework.test.context.web.ServletTestExecutionListener, org.springframework.test.context.support.DirtiesContextBeforeModesTestExecutionListener, org.springframework.test.context.support.DependencyInjectionTestExecutionListener, org.springframework.test.context.support.DirtiesContextTestExecutionListener, org.springframework.test.context.transaction.TransactionalTestExecutionListener, org.springframework.test.context.jdbc.SqlScriptsTestExecutionListener]
21:55:17.249 [main] INFO org.springframework.boot.test.context.SpringBootTestContextBootstrapper - Could not instantiate TestExecutionListener [org.springframework.test.context.jdbc.SqlScriptsTestExecutionListener]. Specify custom listener classes or make the default listener classes (and their required dependencies) available. Offending class: [org/springframework/transaction/interceptor/TransactionAttribute]
21:55:17.249 [main] INFO org.springframework.boot.test.context.SpringBootTestContextBootstrapper - Could not instantiate TestExecutionListener [org.springframework.test.context.transaction.TransactionalTestExecutionListener]. Specify custom listener classes or make the default listener classes (and their required dependencies) available. Offending class: [org/springframework/transaction/interceptor/TransactionAttributeSource]
21:55:17.252 [main] INFO org.springframework.boot.test.context.SpringBootTestContextBootstrapper - Using TestExecutionListeners: [org.springframework.test.context.web.ServletTestExecutionListener@b59d31, org.springframework.test.context.support.DirtiesContextBeforeModesTestExecutionListener@62fdb4a6, org.springframework.boot.test.autoconfigure.SpringBootDependencyInjectionTestExecutionListener@11e21d0e, org.springframework.test.context.support.DirtiesContextTestExecutionListener@1dd02175, org.springframework.boot.test.mock.mockito.ResetMocksTestExecutionListener@31206beb, org.springframework.boot.test.autoconfigure.web.client.MockRestServiceServerResetTestExecutionListener@3e77a1ed, org.springframework.boot.test.autoconfigure.restdocs.RestDocsTestExecutionListener@3ffcd140, org.springframework.boot.test.autoconfigure.web.servlet.MockMvcPrintOnlyOnFailureTestExecutionListener@23bb8443, org.springframework.boot.test.autoconfigure.web.servlet.WebDriverTestExecutionListener@1176dcec, org.springframework.boot.test.mock.mockito.MockitoTestExecutionListener@120d6fe6]
21:55:17.254 [main] DEBUG org.springframework.test.annotation.ProfileValueUtils - Retrieved @ProfileValueSourceConfiguration [null] for test class [co.com.agudelo.microservice.resolveEnigmaApi.api.GetStepApiControllerIntegrationTest]
21:55:17.254 [main] DEBUG org.springframework.test.annotation.ProfileValueUtils - Retrieved ProfileValueSource type [class org.springframework.test.annotation.SystemProfileValueSource] for class [co.com.agudelo.microservice.resolveEnigmaApi.api.GetStepApiControllerIntegrationTest]
21:55:17.256 [main] DEBUG org.springframework.test.context.junit4.SpringJUnit4ClassRunner - SpringJUnit4ClassRunner constructor called with [class co.com.agudelo.microservice.resolveEnigmaApi.api.GetStepApiControllerIntegrationTest]
21:55:17.256 [main] DEBUG org.springframework.test.context.BootstrapUtils - Instantiating CacheAwareContextLoaderDelegate from class [org.springframework.test.context.cache.DefaultCacheAwareContextLoaderDelegate]
21:55:17.256 [main] DEBUG org.springframework.test.context.BootstrapUtils - Instantiating BootstrapContext using constructor [public org.springframework.test.context.support.DefaultBootstrapContext(java.lang.Class,org.springframework.test.context.CacheAwareContextLoaderDelegate)]
21:55:17.256 [main] DEBUG org.springframework.test.context.BootstrapUtils - Instantiating TestContextBootstrapper for test class [co.com.agudelo.microservice.resolveEnigmaApi.api.GetStepApiControllerIntegrationTest] from class [org.springframework.boot.test.context.SpringBootTestContextBootstrapper]
21:55:17.257 [main] INFO org.springframework.boot.test.context.SpringBootTestContextBootstrapper - Neither @ContextConfiguration nor @ContextHierarchy found for test class [co.com.agudelo.microservice.resolveEnigmaApi.api.GetStepApiControllerIntegrationTest], using SpringBootContextLoader
21:55:17.257 [main] DEBUG org.springframework.test.context.support.AbstractContextLoader - Did not detect default resource location for test class [co.com.agudelo.microservice.resolveEnigmaApi.api.GetStepApiControllerIntegrationTest]: class path resource [co/com/agudelo/microservice/resolveEnigmaApi/api/GetStepApiControllerIntegrationTest-context.xml] does not exist
21:55:17.257 [main] DEBUG org.springframework.test.context.support.AbstractContextLoader - Did not detect default resource location for test class [co.com.agudelo.microservice.resolveEnigmaApi.api.GetStepApiControllerIntegrationTest]: class path resource [co/com/agudelo/microservice/resolveEnigmaApi/api/GetStepApiControllerIntegrationTestContext.groovy] does not exist
21:55:17.257 [main] INFO org.springframework.test.context.support.AbstractContextLoader - Could not detect default resource locations for test class [co.com.agudelo.microservice.resolveEnigmaApi.api.GetStepApiControllerIntegrationTest]: no resource found for suffixes {-context.xml, Context.groovy}.
21:55:17.258 [main] INFO org.springframework.test.context.support.AnnotationConfigContextLoaderUtils - Could not detect default configuration classes for test class [co.com.agudelo.microservice.resolveEnigmaApi.api.GetStepApiControllerIntegrationTest]: GetStepApiControllerIntegrationTest does not declare any static, non-private, non-final, nested classes annotated with @Configuration.
21:55:17.262 [main] DEBUG org.springframework.test.context.support.ActiveProfilesUtils - Could not find an 'annotation declaring class' for annotation type [org.springframework.test.context.ActiveProfiles] and class [co.com.agudelo.microservice.resolveEnigmaApi.api.GetStepApiControllerIntegrationTest]
21:55:17.262 [main] DEBUG org.springframework.core.env.StandardEnvironment - Adding PropertySource 'systemProperties' with lowest search precedence
21:55:17.262 [main] DEBUG org.springframework.core.env.StandardEnvironment - Adding PropertySource 'systemEnvironment' with lowest search precedence
21:55:17.262 [main] DEBUG org.springframework.core.env.StandardEnvironment - Initialized StandardEnvironment with PropertySources [MapPropertySource@1007309018 {name='systemProperties', properties={java.runtime.name=OpenJDK Runtime Environment, sun.boot.library.path=/Users/Valentina1/.sdkman/candidates/java/8.0.402-zulu/zulu-8.jdk/Contents/Home/jre/lib, java.vm.version=25.402-b06, gopherProxySet=false, jdk.vendor.version=Zulu 8.76.0.17-CA-macos-aarch64, java.vm.vendor=Azul Systems, Inc., java.vendor.url=http://www.azul.com/, path.separator=:, java.vm.name=OpenJDK 64-Bit Server VM, file.encoding.pkg=sun.io, user.country=MX, sun.java.launcher=SUN_STANDARD, sun.os.patch.level=unknown, java.vm.specification.name=Java Virtual Machine Specification, user.dir=/Users/Valentina1/Desktop/UNIVERSIDAD USB/SEXTO SEMESTRE/D. sistemas comput/swagger/swagger-project-step4/ResolveEnigmaApStep4, java.runtime.version=1.8.0_402-b06, basedir=/Users/Valentina1/Desktop/UNIVERSIDAD USB/SEXTO SEMESTRE/D. sistemas comput/swagger/swagger-project-step4/ResolveEnigmaApStep4, java.awt.graphicsenv=sun.awt.CGraphicsEnvironment, java.endorsed.dirs=/Users/Valentina1/.sdkman/candidates/java/8.0.402-zulu/zulu-8.jdk/Contents/Home/jre/lib/endorsed, os.arch=aarch64, surefire.real.class.path=/Users/Valentina1/Desktop/UNIVERSIDAD USB/SEXTO SEMESTRE/D. sistemas comput/swagger/swagger-project-step4/ResolveEnigmaApStep4/target/surefire/surefirebooter4531207970657231636.jar, java.io.tmpdir=/var/folders/96/b5_88bjn7wj7rgktg_czmpdr0000gq/T/, line.separator=
, java.vm.specification.vendor=Oracle Corporation, os.name=Mac OS X, sun.jnu.encoding=UTF-8, java.library.path=/Users/Valentina1/Library/Java/Extensions:/Library/Java/Extensions:/Network/Library/Java/Extensions:/System/Library/Java/Extensions:/usr/lib/java:., surefire.test.class.path=/Users/Valentina1/Desktop/UNIVERSIDAD USB/SEXTO SEMESTRE/D. sistemas comput/swagger/swagger-project-step4/ResolveEnigmaApStep4/target/test-classes:/Users/Valentina1/Desktop/UNIVERSIDAD USB/SEXTO SEMESTRE/D. sistemas comput/swagger/swagger-project-step4/ResolveEnigmaApStep4/target/classes:/Users/Valentina1/.m2/repository/org/springframework/boot/spring-boot-starter-web/1.5.9.RELEASE/spring-boot-starter-web-1.5.9.RELEASE.jar:/Users/Valentina1/.m2/repository/org/springframework/boot/spring-boot-starter/1.5.9.RELEASE/spring-boot-starter-1.5.9.RELEASE.jar:/Users/Valentina1/.m2/repository/org/springframework/boot/spring-boot/1.5.9.RELEASE/spring-boot-1.5.9.RELEASE.jar:/Users/Valentina1/.m2/repository/org/springframework/boot/spring-boot-autoconfigure/1.5.9.RELEASE/spring-boot-autoconfigure-1.5.9.RELEASE.jar:/Users/Valentina1/.m2/repository/org/springframework/boot/spring-boot-starter-logging/1.5.9.RELEASE/spring-boot-starter-logging-1.5.9.RELEASE.jar:/Users/Valentina1/.m2/repository/ch/qos/logback/logback-classic/1.1.11/logback-classic-1.1.11.jar:/Users/Valentina1/.m2/repository/ch/qos/logback/logback-core/1.1.11/logback-core-1.1.11.jar:/Users/Valentina1/.m2/repository/org/slf4j/jcl-over-slf4j/1.7.25/jcl-over-slf4j-1.7.25.jar:/Users/Valentina1/.m2/repository/org/slf4j/jul-to-slf4j/1.7.25/jul-to-slf4j-1.7.25.jar:/Users/Valentina1/.m2/repository/org/slf4j/log4j-over-slf4j/1.7.25/log4j-over-slf4j-1.7.25.jar:/Users/Valentina1/.m2/repository/org/yaml/snakeyaml/1.17/snakeyaml-1.17.jar:/Users/Valentina1/.m2/repository/org/hibernate/hibernate-validator/5.3.6.Final/hibernate-validator-5.3.6.Final.jar:/Users/Valentina1/.m2/repository/org/jboss/logging/jboss-logging/3.3.1.Final/jboss-logging-3.3.1.Final.jar:/Users/Valentina1/.m2/repository/com/fasterxml/jackson/core/jackson-databind/2.8.10/jackson-databind-2.8.10.jar:/Users/Valentina1/.m2/repository/com/fasterxml/jackson/core/jackson-annotations/2.8.0/jackson-annotations-2.8.0.jar:/Users/Valentina1/.m2/repository/org/springframework/spring-web/4.3.13.RELEASE/spring-web-4.3.13.RELEASE.jar:/Users/Valentina1/.m2/repository/org/springframework/spring-aop/4.3.13.RELEASE/spring-aop-4.3.13.RELEASE.jar:/Users/Valentina1/.m2/repository/org/springframework/spring-beans/4.3.13.RELEASE/spring-beans-4.3.13.RELEASE.jar:/Users/Valentina1/.m2/repository/org/springframework/spring-context/4.3.13.RELEASE/spring-context-4.3.13.RELEASE.jar:/Users/Valentina1/.m2/repository/org/springframework/spring-webmvc/4.3.13.RELEASE/spring-webmvc-4.3.13.RELEASE.jar:/Users/Valentina1/.m2/repository/org/springframework/spring-expression/4.3.13.RELEASE/spring-expression-4.3.13.RELEASE.jar:/Users/Valentina1/.m2/repository/org/springframework/boot/spring-boot-starter-tomcat/1.5.9.RELEASE/spring-boot-starter-tomcat-1.5.9.RELEASE.jar:/Users/Valentina1/.m2/repository/org/apache/tomcat/embed/tomcat-embed-core/8.5.23/tomcat-embed-core-8.5.23.jar:/Users/Valentina1/.m2/repository/org/apache/tomcat/tomcat-annotations-api/8.5.23/tomcat-annotations-api-8.5.23.jar:/Users/Valentina1/.m2/repository/org/apache/tomcat/embed/tomcat-embed-el/8.5.23/tomcat-embed-el-8.5.23.jar:/Users/Valentina1/.m2/repository/org/apache/tomcat/embed/tomcat-embed-websocket/8.5.23/tomcat-embed-websocket-8.5.23.jar:/Users/Valentina1/.m2/repository/io/springfox/springfox-swagger2/2.7.0/springfox-swagger2-2.7.0.jar:/Users/Valentina1/.m2/repository/io/swagger/swagger-annotations/1.5.13/swagger-annotations-1.5.13.jar:/Users/Valentina1/.m2/repository/io/swagger/swagger-models/1.5.13/swagger-models-1.5.13.jar:/Users/Valentina1/.m2/repository/io/springfox/springfox-spi/2.7.0/springfox-spi-2.7.0.jar:/Users/Valentina1/.m2/repository/io/springfox/springfox-core/2.7.0/springfox-core-2.7.0.jar:/Users/Valentina1/.m2/repository/net/bytebuddy/byte-buddy/1.6.14/byte-buddy-1.6.14.jar:/Users/Valentina1/.m2/repository/io/springfox/springfox-schema/2.7.0/springfox-schema-2.7.0.jar:/Users/Valentina1/.m2/repository/io/springfox/springfox-swagger-common/2.7.0/springfox-swagger-common-2.7.0.jar:/Users/Valentina1/.m2/repository/io/springfox/springfox-spring-web/2.7.0/springfox-spring-web-2.7.0.jar:/Users/Valentina1/.m2/repository/org/reflections/reflections/0.9.11/reflections-0.9.11.jar:/Users/Valentina1/.m2/repository/org/javassist/javassist/3.21.0-GA/javassist-3.21.0-GA.jar:/Users/Valentina1/.m2/repository/com/google/guava/guava/18.0/guava-18.0.jar:/Users/Valentina1/.m2/repository/com/fasterxml/classmate/1.3.4/classmate-1.3.4.jar:/Users/Valentina1/.m2/repository/org/slf4j/slf4j-api/1.7.25/slf4j-api-1.7.25.jar:/Users/Valentina1/.m2/repository/org/springframework/plugin/spring-plugin-core/1.2.0.RELEASE/spring-plugin-core-1.2.0.RELEASE.jar:/Users/Valentina1/.m2/repository/org/springframework/plugin/spring-plugin-metadata/1.2.0.RELEASE/spring-plugin-metadata-1.2.0.RELEASE.jar:/Users/Valentina1/.m2/repository/org/mapstruct/mapstruct/1.1.0.Final/mapstruct-1.1.0.Final.jar:/Users/Valentina1/.m2/repository/io/springfox/springfox-swagger-ui/2.7.0/springfox-swagger-ui-2.7.0.jar:/Users/Valentina1/.m2/repository/com/github/joschi/jackson/jackson-datatype-threetenbp/2.6.4/jackson-datatype-threetenbp-2.6.4.jar:/Users/Valentina1/.m2/repository/org/threeten/threetenbp/1.3.1/threetenbp-1.3.1.jar:/Users/Valentina1/.m2/repository/com/fasterxml/jackson/core/jackson-core/2.8.10/jackson-core-2.8.10.jar:/Users/Valentina1/.m2/repository/javax/validation/validation-api/1.1.0.Final/validation-api-1.1.0.Final.jar:/Users/Valentina1/.m2/repository/org/springframework/boot/spring-boot-starter-test/1.5.9.RELEASE/spring-boot-starter-test-1.5.9.RELEASE.jar:/Users/Valentina1/.m2/repository/org/springframework/boot/spring-boot-test/1.5.9.RELEASE/spring-boot-test-1.5.9.RELEASE.jar:/Users/Valentina1/.m2/repository/org/springframework/boot/spring-boot-test-autoconfigure/1.5.9.RELEASE/spring-boot-test-autoconfigure-1.5.9.RELEASE.jar:/Users/Valentina1/.m2/repository/com/jayway/jsonpath/json-path/2.2.0/json-path-2.2.0.jar:/Users/Valentina1/.m2/repository/net/minidev/json-smart/2.2.1/json-smart-2.2.1.jar:/Users/Valentina1/.m2/repository/net/minidev/accessors-smart/1.1/accessors-smart-1.1.jar:/Users/Valentina1/.m2/repository/org/ow2/asm/asm/5.0.3/asm-5.0.3.jar:/Users/Valentina1/.m2/repository/junit/junit/4.12/junit-4.12.jar:/Users/Valentina1/.m2/repository/org/assertj/assertj-core/2.6.0/assertj-core-2.6.0.jar:/Users/Valentina1/.m2/repository/org/mockito/mockito-core/1.10.19/mockito-core-1.10.19.jar:/Users/Valentina1/.m2/repository/org/objenesis/objenesis/2.1/objenesis-2.1.jar:/Users/Valentina1/.m2/repository/org/hamcrest/hamcrest-core/1.3/hamcrest-core-1.3.jar:/Users/Valentina1/.m2/repository/org/hamcrest/hamcrest-library/1.3/hamcrest-library-1.3.jar:/Users/Valentina1/.m2/repository/org/skyscreamer/jsonassert/1.4.0/jsonassert-1.4.0.jar:/Users/Valentina1/.m2/repository/com/vaadin/external/google/android-json/0.0.20131108.vaadin1/android-json-0.0.20131108.vaadin1.jar:/Users/Valentina1/.m2/repository/org/springframework/spring-core/4.3.13.RELEASE/spring-core-4.3.13.RELEASE.jar:/Users/Valentina1/.m2/repository/org/springframework/spring-test/4.3.13.RELEASE/spring-test-4.3.13.RELEASE.jar:/Users/Valentina1/.m2/repository/javax/xml/bind/jaxb-api/2.3.1/jaxb-api-2.3.1.jar:/Users/Valentina1/.m2/repository/javax/activation/javax.activation-api/1.2.0/javax.activation-api-1.2.0.jar:/Users/Valentina1/.m2/repository/org/glassfish/jaxb/jaxb-runtime/2.3.1/jaxb-runtime-2.3.1.jar:/Users/Valentina1/.m2/repository/org/glassfish/jaxb/txw2/2.3.1/txw2-2.3.1.jar:/Users/Valentina1/.m2/repository/com/sun/istack/istack-commons-runtime/3.0.7/istack-commons-runtime-3.0.7.jar:/Users/Valentina1/.m2/repository/org/jvnet/staxex/stax-ex/1.8/stax-ex-1.8.jar:/Users/Valentina1/.m2/repository/com/sun/xml/fastinfoset/FastInfoset/1.2.15/FastInfoset-1.2.15.jar:/Users/Valentina1/.m2/repository/javax/activation/activation/1.1.1/activation-1.1.1.jar:, java.specification.name=Java Platform API Specification, java.class.version=52.0, sun.management.compiler=HotSpot 64-Bit Tiered Compilers, os.version=12.5, http.nonProxyHosts=local|*.local|169.254/16|*.169.254/16, user.home=/Users/Valentina1, user.timezone=America/Bogota, java.awt.printerjob=sun.lwawt.macosx.CPrinterJob, file.encoding=UTF-8, java.specification.version=1.8, java.class.path=/Users/Valentina1/Desktop/UNIVERSIDAD USB/SEXTO SEMESTRE/D. sistemas comput/swagger/swagger-project-step4/ResolveEnigmaApStep4/target/test-classes:/Users/Valentina1/Desktop/UNIVERSIDAD USB/SEXTO SEMESTRE/D. sistemas comput/swagger/swagger-project-step4/ResolveEnigmaApStep4/target/classes:/Users/Valentina1/.m2/repository/org/springframework/boot/spring-boot-starter-web/1.5.9.RELEASE/spring-boot-starter-web-1.5.9.RELEASE.jar:/Users/Valentina1/.m2/repository/org/springframework/boot/spring-boot-starter/1.5.9.RELEASE/spring-boot-starter-1.5.9.RELEASE.jar:/Users/Valentina1/.m2/repository/org/springframework/boot/spring-boot/1.5.9.RELEASE/spring-boot-1.5.9.RELEASE.jar:/Users/Valentina1/.m2/repository/org/springframework/boot/spring-boot-autoconfigure/1.5.9.RELEASE/spring-boot-autoconfigure-1.5.9.RELEASE.jar:/Users/Valentina1/.m2/repository/org/springframework/boot/spring-boot-starter-logging/1.5.9.RELEASE/spring-boot-starter-logging-1.5.9.RELEASE.jar:/Users/Valentina1/.m2/repository/ch/qos/logback/logback-classic/1.1.11/logback-classic-1.1.11.jar:/Users/Valentina1/.m2/repository/ch/qos/logback/logback-core/1.1.11/logback-core-1.1.11.jar:/Users/Valentina1/.m2/repository/org/slf4j/jcl-over-slf4j/1.7.25/jcl-over-slf4j-1.7.25.jar:/Users/Valentina1/.m2/repository/org/slf4j/jul-to-slf4j/1.7.25/jul-to-slf4j-1.7.25.jar:/Users/Valentina1/.m2/repository/org/slf4j/log4j-over-slf4j/1.7.25/log4j-over-slf4j-1.7.25.jar:/Users/Valentina1/.m2/repository/org/yaml/snakeyaml/1.17/snakeyaml-1.17.jar:/Users/Valentina1/.m2/repository/org/hibernate/hibernate-validator/5.3.6.Final/hibernate-validator-5.3.6.Final.jar:/Users/Valentina1/.m2/repository/org/jboss/logging/jboss-logging/3.3.1.Final/jboss-logging-3.3.1.Final.jar:/Users/Valentina1/.m2/repository/com/fasterxml/jackson/core/jackson-databind/2.8.10/jackson-databind-2.8.10.jar:/Users/Valentina1/.m2/repository/com/fasterxml/jackson/core/jackson-annotations/2.8.0/jackson-annotations-2.8.0.jar:/Users/Valentina1/.m2/repository/org/springframework/spring-web/4.3.13.RELEASE/spring-web-4.3.13.RELEASE.jar:/Users/Valentina1/.m2/repository/org/springframework/spring-aop/4.3.13.RELEASE/spring-aop-4.3.13.RELEASE.jar:/Users/Valentina1/.m2/repository/org/springframework/spring-beans/4.3.13.RELEASE/spring-beans-4.3.13.RELEASE.jar:/Users/Valentina1/.m2/repository/org/springframework/spring-context/4.3.13.RELEASE/spring-context-4.3.13.RELEASE.jar:/Users/Valentina1/.m2/repository/org/springframework/spring-webmvc/4.3.13.RELEASE/spring-webmvc-4.3.13.RELEASE.jar:/Users/Valentina1/.m2/repository/org/springframework/spring-expression/4.3.13.RELEASE/spring-expression-4.3.13.RELEASE.jar:/Users/Valentina1/.m2/repository/org/springframework/boot/spring-boot-starter-tomcat/1.5.9.RELEASE/spring-boot-starter-tomcat-1.5.9.RELEASE.jar:/Users/Valentina1/.m2/repository/org/apache/tomcat/embed/tomcat-embed-core/8.5.23/tomcat-embed-core-8.5.23.jar:/Users/Valentina1/.m2/repository/org/apache/tomcat/tomcat-annotations-api/8.5.23/tomcat-annotations-api-8.5.23.jar:/Users/Valentina1/.m2/repository/org/apache/tomcat/embed/tomcat-embed-el/8.5.23/tomcat-embed-el-8.5.23.jar:/Users/Valentina1/.m2/repository/org/apache/tomcat/embed/tomcat-embed-websocket/8.5.23/tomcat-embed-websocket-8.5.23.jar:/Users/Valentina1/.m2/repository/io/springfox/springfox-swagger2/2.7.0/springfox-swagger2-2.7.0.jar:/Users/Valentina1/.m2/repository/io/swagger/swagger-annotations/1.5.13/swagger-annotations-1.5.13.jar:/Users/Valentina1/.m2/repository/io/swagger/swagger-models/1.5.13/swagger-models-1.5.13.jar:/Users/Valentina1/.m2/repository/io/springfox/springfox-spi/2.7.0/springfox-spi-2.7.0.jar:/Users/Valentina1/.m2/repository/io/springfox/springfox-core/2.7.0/springfox-core-2.7.0.jar:/Users/Valentina1/.m2/repository/net/bytebuddy/byte-buddy/1.6.14/byte-buddy-1.6.14.jar:/Users/Valentina1/.m2/repository/io/springfox/springfox-schema/2.7.0/springfox-schema-2.7.0.jar:/Users/Valentina1/.m2/repository/io/springfox/springfox-swagger-common/2.7.0/springfox-swagger-common-2.7.0.jar:/Users/Valentina1/.m2/repository/io/springfox/springfox-spring-web/2.7.0/springfox-spring-web-2.7.0.jar:/Users/Valentina1/.m2/repository/org/reflections/reflections/0.9.11/reflections-0.9.11.jar:/Users/Valentina1/.m2/repository/org/javassist/javassist/3.21.0-GA/javassist-3.21.0-GA.jar:/Users/Valentina1/.m2/repository/com/google/guava/guava/18.0/guava-18.0.jar:/Users/Valentina1/.m2/repository/com/fasterxml/classmate/1.3.4/classmate-1.3.4.jar:/Users/Valentina1/.m2/repository/org/slf4j/slf4j-api/1.7.25/slf4j-api-1.7.25.jar:/Users/Valentina1/.m2/repository/org/springframework/plugin/spring-plugin-core/1.2.0.RELEASE/spring-plugin-core-1.2.0.RELEASE.jar:/Users/Valentina1/.m2/repository/org/springframework/plugin/spring-plugin-metadata/1.2.0.RELEASE/spring-plugin-metadata-1.2.0.RELEASE.jar:/Users/Valentina1/.m2/repository/org/mapstruct/mapstruct/1.1.0.Final/mapstruct-1.1.0.Final.jar:/Users/Valentina1/.m2/repository/io/springfox/springfox-swagger-ui/2.7.0/springfox-swagger-ui-2.7.0.jar:/Users/Valentina1/.m2/repository/com/github/joschi/jackson/jackson-datatype-threetenbp/2.6.4/jackson-datatype-threetenbp-2.6.4.jar:/Users/Valentina1/.m2/repository/org/threeten/threetenbp/1.3.1/threetenbp-1.3.1.jar:/Users/Valentina1/.m2/repository/com/fasterxml/jackson/core/jackson-core/2.8.10/jackson-core-2.8.10.jar:/Users/Valentina1/.m2/repository/javax/validation/validation-api/1.1.0.Final/validation-api-1.1.0.Final.jar:/Users/Valentina1/.m2/repository/org/springframework/boot/spring-boot-starter-test/1.5.9.RELEASE/spring-boot-starter-test-1.5.9.RELEASE.jar:/Users/Valentina1/.m2/repository/org/springframework/boot/spring-boot-test/1.5.9.RELEASE/spring-boot-test-1.5.9.RELEASE.jar:/Users/Valentina1/.m2/repository/org/springframework/boot/spring-boot-test-autoconfigure/1.5.9.RELEASE/spring-boot-test-autoconfigure-1.5.9.RELEASE.jar:/Users/Valentina1/.m2/repository/com/jayway/jsonpath/json-path/2.2.0/json-path-2.2.0.jar:/Users/Valentina1/.m2/repository/net/minidev/json-smart/2.2.1/json-smart-2.2.1.jar:/Users/Valentina1/.m2/repository/net/minidev/accessors-smart/1.1/accessors-smart-1.1.jar:/Users/Valentina1/.m2/repository/org/ow2/asm/asm/5.0.3/asm-5.0.3.jar:/Users/Valentina1/.m2/repository/junit/junit/4.12/junit-4.12.jar:/Users/Valentina1/.m2/repository/org/assertj/assertj-core/2.6.0/assertj-core-2.6.0.jar:/Users/Valentina1/.m2/repository/org/mockito/mockito-core/1.10.19/mockito-core-1.10.19.jar:/Users/Valentina1/.m2/repository/org/objenesis/objenesis/2.1/objenesis-2.1.jar:/Users/Valentina1/.m2/repository/org/hamcrest/hamcrest-core/1.3/hamcrest-core-1.3.jar:/Users/Valentina1/.m2/repository/org/hamcrest/hamcrest-library/1.3/hamcrest-library-1.3.jar:/Users/Valentina1/.m2/repository/org/skyscreamer/jsonassert/1.4.0/jsonassert-1.4.0.jar:/Users/Valentina1/.m2/repository/com/vaadin/external/google/android-json/0.0.20131108.vaadin1/android-json-0.0.20131108.vaadin1.jar:/Users/Valentina1/.m2/repository/org/springframework/spring-core/4.3.13.RELEASE/spring-core-4.3.13.RELEASE.jar:/Users/Valentina1/.m2/repository/org/springframework/spring-test/4.3.13.RELEASE/spring-test-4.3.13.RELEASE.jar:/Users/Valentina1/.m2/repository/javax/xml/bind/jaxb-api/2.3.1/jaxb-api-2.3.1.jar:/Users/Valentina1/.m2/repository/javax/activation/javax.activation-api/1.2.0/javax.activation-api-1.2.0.jar:/Users/Valentina1/.m2/repository/org/glassfish/jaxb/jaxb-runtime/2.3.1/jaxb-runtime-2.3.1.jar:/Users/Valentina1/.m2/repository/org/glassfish/jaxb/txw2/2.3.1/txw2-2.3.1.jar:/Users/Valentina1/.m2/repository/com/sun/istack/istack-commons-runtime/3.0.7/istack-commons-runtime-3.0.7.jar:/Users/Valentina1/.m2/repository/org/jvnet/staxex/stax-ex/1.8/stax-ex-1.8.jar:/Users/Valentina1/.m2/repository/com/sun/xml/fastinfoset/FastInfoset/1.2.15/FastInfoset-1.2.15.jar:/Users/Valentina1/.m2/repository/javax/activation/activation/1.1.1/activation-1.1.1.jar:, user.name=Valentina1, java.vm.specification.version=1.8, sun.java.command=/Users/Valentina1/Desktop/UNIVERSIDAD USB/SEXTO SEMESTRE/D. sistemas comput/swagger/swagger-project-step4/ResolveEnigmaApStep4/target/surefire/surefirebooter4531207970657231636.jar /Users/Valentina1/Desktop/UNIVERSIDAD USB/SEXTO SEMESTRE/D. sistemas comput/swagger/swagger-project-step4/ResolveEnigmaApStep4/target/surefire/surefire8625073566561590100tmp /Users/Valentina1/Desktop/UNIVERSIDAD USB/SEXTO SEMESTRE/D. sistemas comput/swagger/swagger-project-step4/ResolveEnigmaApStep4/target/surefire/surefire_04455495490844569967tmp, java.home=/Users/Valentina1/.sdkman/candidates/java/8.0.402-zulu/zulu-8.jdk/Contents/Home/jre, sun.arch.data.model=64, user.language=es, java.specification.vendor=Oracle Corporation, awt.toolkit=sun.lwawt.macosx.LWCToolkit, java.vm.info=mixed mode, java.version=1.8.0_402, java.ext.dirs=/Users/Valentina1/Library/Java/Extensions:/Users/Valentina1/.sdkman/candidates/java/8.0.402-zulu/zulu-8.jdk/Contents/Home/jre/lib/ext:/Library/Java/Extensions:/Network/Library/Java/Extensions:/System/Library/Java/Extensions:/usr/lib/java, sun.boot.class.path=/Users/Valentina1/.sdkman/candidates/java/8.0.402-zulu/zulu-8.jdk/Contents/Home/jre/lib/resources.jar:/Users/Valentina1/.sdkman/candidates/java/8.0.402-zulu/zulu-8.jdk/Contents/Home/jre/lib/rt.jar:/Users/Valentina1/.sdkman/candidates/java/8.0.402-zulu/zulu-8.jdk/Contents/Home/jre/lib/sunrsasign.jar:/Users/Valentina1/.sdkman/candidates/java/8.0.402-zulu/zulu-8.jdk/Contents/Home/jre/lib/jsse.jar:/Users/Valentina1/.sdkman/candidates/java/8.0.402-zulu/zulu-8.jdk/Contents/Home/jre/lib/jce.jar:/Users/Valentina1/.sdkman/candidates/java/8.0.402-zulu/zulu-8.jdk/Contents/Home/jre/lib/charsets.jar:/Users/Valentina1/.sdkman/candidates/java/8.0.402-zulu/zulu-8.jdk/Contents/Home/jre/lib/jfr.jar:/Users/Valentina1/.sdkman/candidates/java/8.0.402-zulu/zulu-8.jdk/Contents/Home/jre/lib/cat.jar:/Users/Valentina1/.sdkman/candidates/java/8.0.402-zulu/zulu-8.jdk/Contents/Home/jre/classes, java.vendor=Azul Systems, Inc., java.specification.maintenance.version=5, localRepository=/Users/Valentina1/.m2/repository, file.separator=/, java.vendor.url.bug=http://www.azul.com/support/, sun.io.unicode.encoding=UnicodeBig, sun.cpu.endian=little, socksNonProxyHosts=local|*.local|169.254/16|*.169.254/16, ftp.nonProxyHosts=local|*.local|169.254/16|*.169.254/16, sun.cpu.isalist=}}, SystemEnvironmentPropertySource@1684792003 {name='systemEnvironment', properties={PATH=/Users/Valentina1/.sdkman/candidates/java/current/bin:/usr/local/bin:/usr/local/bin:/Library/Frameworks/Python.framework/Versions/3.11.2/bin:/usr/local/bin:/usr/bin:/bin:/usr/sbin:/sbin:/Users/Valentina1/Desktop/apache-maven-3.9.6/bin:/Library/Frameworks/Python.framework/Versions/3.11.2/bin, JAVA_HOME=/Users/Valentina1/.sdkman/candidates/java/current, TERM=xterm-256color, JAVA_MAIN_CLASS_8270=org.apache.maven.surefire.booter.ForkedBooter, SDKMAN_DIR=/Users/Valentina1/.sdkman, LOGNAME=Valentina1, XPC_SERVICE_NAME=0, PWD=/Users/Valentina1/Desktop/UNIVERSIDAD USB/SEXTO SEMESTRE/D. sistemas comput/swagger/swagger-project-step4/ResolveEnigmaApStep4, TERM_PROGRAM_VERSION=445, MAVEN_CMD_LINE_ARGS= clean install -U, _=/Users/Valentina1/.sdkman/candidates/java/8.0.402-zulu/zulu-8.jdk/Contents/Home/jre/bin/java, SDKMAN_CANDIDATES_DIR=/Users/Valentina1/.sdkman/candidates, __CFBundleIdentifier=com.apple.Terminal, SHELL=/bin/zsh, TERM_PROGRAM=Apple_Terminal, SDKMAN_CANDIDATES_API=https://api.sdkman.io/2, MAVEN_PROJECTBASEDIR=/Users/Valentina1/Desktop/UNIVERSIDAD USB/SEXTO SEMESTRE/D. sistemas comput/swagger/swagger-project-step4/ResolveEnigmaApStep4, OLDPWD=/Users/Valentina1/Desktop/UNIVERSIDAD USB/SEXTO SEMESTRE/D. sistemas comput/swagger/swagger-project-step4/ResolveEnigmaApStep4, SDKMAN_PLATFORM=darwinarm64, USER=Valentina1, TMPDIR=/var/folders/96/b5_88bjn7wj7rgktg_czmpdr0000gq/T/, SSH_AUTH_SOCK=/private/tmp/com.apple.launchd.uSIC0FUrs6/Listeners, XPC_FLAGS=0x0, TERM_SESSION_ID=368C08A5-EC46-4036-989F-016A790F390B, __CF_USER_TEXT_ENCODING=0x1F7:0x0:0x56, LC_CTYPE=UTF-8, JAVA_MAIN_CLASS_8228=org.codehaus.plexus.classworlds.launcher.Launcher, HOME=/Users/Valentina1, SHLVL=2}}]
21:55:17.263 [main] INFO org.springframework.boot.test.context.SpringBootTestContextBootstrapper - Found @SpringBootConfiguration co.com.agudelo.microservice.resolveEnigmaApi.ResolveEnigmaApplication for test class co.com.agudelo.microservice.resolveEnigmaApi.api.GetStepApiControllerIntegrationTest
21:55:17.265 [main] DEBUG org.springframework.boot.test.context.SpringBootTestContextBootstrapper - @TestExecutionListeners is not present for class [co.com.agudelo.microservice.resolveEnigmaApi.api.GetStepApiControllerIntegrationTest]: using defaults.
21:55:17.267 [main] INFO org.springframework.boot.test.context.SpringBootTestContextBootstrapper - Loaded default TestExecutionListener class names from location [META-INF/spring.factories]: [org.springframework.boot.test.mock.mockito.MockitoTestExecutionListener, org.springframework.boot.test.mock.mockito.ResetMocksTestExecutionListener, org.springframework.boot.test.autoconfigure.restdocs.RestDocsTestExecutionListener, org.springframework.boot.test.autoconfigure.web.client.MockRestServiceServerResetTestExecutionListener, org.springframework.boot.test.autoconfigure.web.servlet.MockMvcPrintOnlyOnFailureTestExecutionListener, org.springframework.boot.test.autoconfigure.web.servlet.WebDriverTestExecutionListener, org.springframework.test.context.web.ServletTestExecutionListener, org.springframework.test.context.support.DirtiesContextBeforeModesTestExecutionListener, org.springframework.test.context.support.DependencyInjectionTestExecutionListener, org.springframework.test.context.support.DirtiesContextTestExecutionListener, org.springframework.test.context.transaction.TransactionalTestExecutionListener, org.springframework.test.context.jdbc.SqlScriptsTestExecutionListener]
21:55:17.269 [main] INFO org.springframework.boot.test.context.SpringBootTestContextBootstrapper - Could not instantiate TestExecutionListener [org.springframework.test.context.jdbc.SqlScriptsTestExecutionListener]. Specify custom listener classes or make the default listener classes (and their required dependencies) available. Offending class: [org/springframework/transaction/interceptor/TransactionAttribute]
21:55:17.270 [main] INFO org.springframework.boot.test.context.SpringBootTestContextBootstrapper - Could not instantiate TestExecutionListener [org.springframework.test.context.transaction.TransactionalTestExecutionListener]. Specify custom listener classes or make the default listener classes (and their required dependencies) available. Offending class: [org/springframework/transaction/interceptor/TransactionAttributeSource]
[...]
data/1.2.0.RELEASE/spring-plugin-metadata-1.2.0.RELEASE.jar:/Users/Valentina1/.m2/repository/org/mapstruct/mapstruct/1.1.0.Final/mapstruct-1.1.0.Final.jar:/Users/Valentina1/.m2/repository/io/springfox/springfox-swagger-ui/2.7.0/springfox-swagger-ui-2.7.0.jar:/Users/Valentina1/.m2/repository/com/github/joschi/jackson/jackson-datatype-threetenbp/2.6.4/jackson-datatype-threetenbp-2.6.4.jar:/Users/Valentina1/.m2/repository/org/threeten/threetenbp/1.3.1/threetenbp-1.3.1.jar:/Users/Valentina1/.m2/repository/com/fasterxml/jackson/core/jackson-core/2.8.10/jackson-core-2.8.10.jar:/Users/Valentina1/.m2/repository/javax/validation/validation-api/1.1.0.Final/validation-api-1.1.0.Final.jar:/Users/Valentina1/.m2/repository/org/springframework/boot/spring-boot-starter-test/1.5.9.RELEASE/spring-boot-starter-test-1.5.9.RELEASE.jar:/Users/Valentina1/.m2/repository/org/springframework/boot/spring-boot-test/1.5.9.RELEASE/spring-boot-test-1.5.9.RELEASE.jar:/Users/Valentina1/.m2/repository/org/springframework/boot/spring-boot-test-autoconfigure/1.5.9.RELEASE/spring-boot-test-autoconfigure-1.5.9.RELEASE.jar:/Users/Valentina1/.m2/repository/com/jayway/jsonpath/json-path/2.2.0/json-path-2.2.0.jar:/Users/Valentina1/.m2/repository/net/minidev/json-smart/2.2.1/json-smart-2.2.1.jar:/Users/Valentina1/.m2/repository/net/minidev/accessors-smart/1.1/accessors-smart-1.1.jar:/Users/Valentina1/.m2/repository/org/ow2/asm/asm/5.0.3/asm-5.0.3.jar:/Users/Valentina1/.m2/repository/junit/junit/4.12/junit-4.12.jar:/Users/Valentina1/.m2/repository/org/assertj/assertj-core/2.6.0/assertj-core-2.6.0.jar:/Users/Valentina1/.m2/repository/org/mockito/mockito-core/1.10.19/mockito-core-1.10.19.jar:/Users/Valentina1/.m2/repository/org/objenesis/objenesis/2.1/objenesis-2.1.jar:/Users/Valentina1/.m2/repository/org/hamcrest/hamcrest-core/1.3/hamcrest-core-1.3.jar:/Users/Valentina1/.m2/repository/org/hamcrest/hamcrest-library/1.3/hamcrest-library-1.3.jar:/Users/Valentina1/.m2/repository/org/skyscreamer/jsonassert/1.4.0/jsonassert-1.4.0.jar:/Users/Valentina1/.m2/repository/com/vaadin/external/google/android-json/0.0.20131108.vaadin1/android-json-0.0.20131108.vaadin1.jar:/Users/Valentina1/.m2/repository/org/springframework/spring-core/4.3.13.RELEASE/spring-core-4.3.13.RELEASE.jar:/Users/Valentina1/.m2/repository/org/springframework/spring-test/4.3.13.RELEASE/spring-test-4.3.13.RELEASE.jar:/Users/Valentina1/.m2/repository/javax/xml/bind/jaxb-api/2.3.1/jaxb-api-2.3.1.jar:/Users/Valentina1/.m2/repository/javax/activation/javax.activation-api/1.2.0/javax.activation-api-1.2.0.jar:/Users/Valentina1/.m2/repository/org/glassfish/jaxb/jaxb-runtime/2.3.1/jaxb-runtime-2.3.1.jar:/Users/Valentina1/.m2/repository/org/glassfish/jaxb/txw2/2.3.1/txw2-2.3.1.jar:/Users/Valentina1/.m2/repository/com/sun/istack/istack-commons-runtime/3.0.7/istack-commons-runtime-3.0.7.jar:/Users/Valentina1/.m2/repository/org/jvnet/staxex/stax-ex/1.8/stax-ex-1.8.jar:/Users/Valentina1/.m2/repository/com/sun/xml/fastinfoset/FastInfoset/1.2.15/FastInfoset-1.2.15.jar:/Users/Valentina1/.m2/repository/javax/activation/activation/1.1.1/activation-1.1.1.jar:, user.name=Valentina1, java.vm.specification.version=1.8, sun.java.command=/Users/Valentina1/Desktop/UNIVERSIDAD USB/SEXTO SEMESTRE/D. sistemas comput/swagger/swagger-project-step4/ResolveEnigmaApStep4/target/surefire/surefirebooter4531207970657231636.jar /Users/Valentina1/Desktop/UNIVERSIDAD USB/SEXTO SEMESTRE/D. sistemas comput/swagger/swagger-project-step4/ResolveEnigmaApStep4/target/surefire/surefire8625073566561590100tmp /Users/Valentina1/Desktop/UNIVERSIDAD USB/SEXTO SEMESTRE/D. sistemas comput/swagger/swagger-project-step4/ResolveEnigmaApStep4/target/surefire/surefire_04455495490844569967tmp, java.home=/Users/Valentina1/.sdkman/candidates/java/8.0.402-zulu/zulu-8.jdk/Contents/Home/jre, sun.arch.data.model=64, user.language=es, java.specification.vendor=Oracle Corporation, awt.toolkit=sun.lwawt.macosx.LWCToolkit, java.vm.info=mixed mode, java.version=1.8.0_402, java.ext.dirs=/Users/Valentina1/Library/Java/Extensions:/Users/Valentina1/.sdkman/candidates/java/8.0.402-zulu/zulu-8.jdk/Contents/Home/jre/lib/ext:/Library/Java/Extensions:/Network/Library/Java/Extensions:/System/Library/Java/Extensions:/usr/lib/java, sun.boot.class.path=/Users/Valentina1/.sdkman/candidates/java/8.0.402-zulu/zulu-8.jdk/Contents/Home/jre/lib/resources.jar:/Users/Valentina1/.sdkman/candidates/java/8.0.402-zulu/zulu-8.jdk/Contents/Home/jre/lib/rt.jar:/Users/Valentina1/.sdkman/candidates/java/8.0.402-zulu/zulu-8.jdk/Contents/Home/jre/lib/sunrsasign.jar:/Users/Valentina1/.sdkman/candidates/java/8.0.402-zulu/zulu-8.jdk/Contents/Home/jre/lib/jsse.jar:/Users/Valentina1/.sdkman/candidates/java/8.0.402-zulu/zulu-8.jdk/Contents/Home/jre/lib/jce.jar:/Users/Valentina1/.sdkman/candidates/java/8.0.402-zulu/zulu-8.jdk/Contents/Home/jre/lib/charsets.jar:/Users/Valentina1/.sdkman/candidates/java/8.0.402-zulu/zulu-8.jdk/Contents/Home/jre/lib/jfr.jar:/Users/Valentina1/.sdkman/candidates/java/8.0.402-zulu/zulu-8.jdk/Contents/Home/jre/lib/cat.jar:/Users/Valentina1/.sdkman/candidates/java/8.0.402-zulu/zulu-8.jdk/Contents/Home/jre/classes, java.vendor=Azul Systems, Inc., java.specification.maintenance.version=5, localRepository=/Users/Valentina1/.m2/repository, file.separator=/, java.vendor.url.bug=http://www.azul.com/support/, sun.io.unicode.encoding=UnicodeBig, sun.cpu.endian=little, socksNonProxyHosts=local|*.local|169.254/16|*.169.254/16, ftp.nonProxyHosts=local|*.local|169.254/16|*.169.254/16, sun.cpu.isalist=}}, SystemEnvironmentPropertySource@1175259735 {name='systemEnvironment', properties={PATH=/Users/Valentina1/.sdkman/candidates/java/current/bin:/usr/local/bin:/usr/local/bin:/Library/Frameworks/Python.framework/Versions/3.11.2/bin:/usr/local/bin:/usr/bin:/bin:/usr/sbin:/sbin:/Users/Valentina1/Desktop/apache-maven-3.9.6/bin:/Library/Frameworks/Python.framework/Versions/3.11.2/bin, JAVA_HOME=/Users/Valentina1/.sdkman/candidates/java/current, TERM=xterm-256color, JAVA_MAIN_CLASS_8270=org.apache.maven.surefire.booter.ForkedBooter, SDKMAN_DIR=/Users/Valentina1/.sdkman, LOGNAME=Valentina1, XPC_SERVICE_NAME=0, PWD=/Users/Valentina1/Desktop/UNIVERSIDAD USB/SEXTO SEMESTRE/D. sistemas comput/swagger/swagger-project-step4/ResolveEnigmaApStep4, TERM_PROGRAM_VERSION=445, MAVEN_CMD_LINE_ARGS= clean install -U, _=/Users/Valentina1/.sdkman/candidates/java/8.0.402-zulu/zulu-8.jdk/Contents/Home/jre/bin/java, SDKMAN_CANDIDATES_DIR=/Users/Valentina1/.sdkman/candidates, __CFBundleIdentifier=com.apple.Terminal, SHELL=/bin/zsh, TERM_PROGRAM=Apple_Terminal, SDKMAN_CANDIDATES_API=https://api.sdkman.io/2, MAVEN_PROJECTBASEDIR=/Users/Valentina1/Desktop/UNIVERSIDAD USB/SEXTO SEMESTRE/D. sistemas comput/swagger/swagger-project-step4/ResolveEnigmaApStep4, OLDPWD=/Users/Valentina1/Desktop/UNIVERSIDAD USB/SEXTO SEMESTRE/D. sistemas comput/swagger/swagger-project-step4/ResolveEnigmaApStep4, SDKMAN_PLATFORM=darwinarm64, USER=Valentina1, TMPDIR=/var/folders/96/b5_88bjn7wj7rgktg_czmpdr0000gq/T/, SSH_AUTH_SOCK=/private/tmp/com.apple.launchd.uSIC0FUrs6/Listeners, XPC_FLAGS=0x0, TERM_SESSION_ID=368C08A5-EC46-4036-989F-016A790F390B, __CF_USER_TEXT_ENCODING=0x1F7:0x0:0x56, LC_CTYPE=UTF-8, JAVA_MAIN_CLASS_8228=org.codehaus.plexus.classworlds.launcher.Launcher, HOME=/Users/Valentina1, SHLVL=2}}]
21:55:17.323 [main] DEBUG org.springframework.core.env.MutablePropertySources - Adding PropertySource 'inline' with highest search precedence
21:55:17.327 [main] DEBUG org.springframework.test.context.support.TestPropertySourceUtils - Adding inlined properties to environment: {spring.jmx.enabled=false, org.springframework.boot.test.context.SpringBootTestContextBootstrapper=true, server.port=-1}
21:55:17.327 [main] DEBUG org.springframework.core.env.StandardEnvironment - Adding PropertySource 'Inlined Test Properties' with highest search precedence

  .   ____          _            __ _ _
 /\\ / ___'_ __ _ _(_)_ __  __ _ \ \ \ \
( ( )\___ | '_ | '_| | '_ \/ _` | \ \ \ \
 \\/  ___)| |_)| | | | | || (_| |  ) ) ) )
  '  |____| .__|_| |_|_| |_\__, | / / / /
 =========|_|==============|___/=/_/_/_/
 :: Spring Boot ::        (v1.5.9.RELEASE)

2024-03-12 21:55:17.749  INFO 8270 --- [           main] .r.a.GetStepApiControllerIntegrationTest : Starting GetStepApiControllerIntegrationTest on Valentinas-MacBook-Air.local with PID 8270 (started by Valentina1 in /Users/Valentina1/Desktop/UNIVERSIDAD USB/SEXTO SEMESTRE/D. sistemas comput/swagger/swagger-project-step4/ResolveEnigmaApStep4)
2024-03-12 21:55:17.750  INFO 8270 --- [           main] .r.a.GetStepApiControllerIntegrationTest : No active profile set, falling back to default profiles: default
2024-03-12 21:55:17.774  INFO 8270 --- [           main] o.s.w.c.s.GenericWebApplicationContext   : Refreshing org.springframework.web.context.support.GenericWebApplicationContext@1c7696c6: startup date [Tue Mar 12 21:55:17 COT 2024]; root of context hierarchy
2024-03-12 21:55:18.797  WARN 8270 --- [           main] o.s.w.c.s.GenericWebApplicationContext   : Exception encountered during context initialization - cancelling refresh attempt: org.springframework.beans.factory.UnsatisfiedDependencyException: Error creating bean with name 'orquestadorController' defined in file [/Users/Valentina1/Desktop/UNIVERSIDAD USB/SEXTO SEMESTRE/D. sistemas comput/swagger/swagger-project-step4/ResolveEnigmaApStep4/target/classes/co/com/agudelo/microservice/resolveEnigmaApi/controllers/OrquestadorController.class]: Unsatisfied dependency expressed through constructor parameter 0; nested exception is org.springframework.beans.factory.NoSuchBeanDefinitionException: No qualifying bean of type 'co.com.agudelo.microservice.resolveEnigmaApi.services.OrquestadorService' available: expected at least 1 bean which qualifies as autowire candidate. Dependency annotations: {}
2024-03-12 21:55:18.805  INFO 8270 --- [           main] utoConfigurationReportLoggingInitializer : 

Error starting ApplicationContext. To display the auto-configuration report re-run your application with 'debug' enabled.
2024-03-12 21:55:18.851 ERROR 8270 --- [           main] o.s.b.d.LoggingFailureAnalysisReporter   : 

***************************
APPLICATION FAILED TO START
***************************

Description:

Parameter 0 of constructor in co.com.agudelo.microservice.resolveEnigmaApi.controllers.OrquestadorController required a bean of type 'co.com.agudelo.microservice.resolveEnigmaApi.services.OrquestadorService' that could not be found.


Action:

Consider defining a bean of type 'co.com.agudelo.microservice.resolveEnigmaApi.services.OrquestadorService' in your configuration.

2024-03-12 21:55:18.855 ERROR 8270 --- [           main] o.s.test.context.TestContextManager      : Caught exception while allowing TestExecutionListener [org.springframework.test.context.web.ServletTestExecutionListener@7fe8ea47] to prepare test instance [co.com.agudelo.microservice.resolveEnigmaApi.api.GetStepApiControllerIntegrationTest@6a9950f1]

java.lang.IllegalStateException: Failed to load ApplicationContext
	at org.springframework.test.context.cache.DefaultCacheAwareContextLoaderDelegate.loadContext(DefaultCacheAwareContextLoaderDelegate.java:124) ~[spring-test-4.3.13.RELEASE.jar:4.3.13.RELEASE]
	at org.springframework.test.context.support.DefaultTestContext.getApplicationContext(DefaultTestContext.java:83) ~[spring-test-4.3.13.RELEASE.jar:4.3.13.RELEASE]
	at org.springframework.test.context.web.ServletTestExecutionListener.setUpRequestContextIfNecessary(ServletTestExecutionListener.java:189) ~[spring-test-4.3.13.RELEASE.jar:4.3.13.RELEASE]
	at org.springframework.test.context.web.ServletTestExecutionListener.prepareTestInstance(ServletTestExecutionListener.java:131) ~[spring-test-4.3.13.RELEASE.jar:4.3.13.RELEASE]
	at org.springframework.test.context.TestContextManager.prepareTestInstance(TestContextManager.java:230) ~[spring-test-4.3.13.RELEASE.jar:4.3.13.RELEASE]
	at org.springframework.test.context.junit4.SpringJUnit4ClassRunner.createTest(SpringJUnit4ClassRunner.java:228) [spring-test-4.3.13.RELEASE.jar:4.3.13.RELEASE]
	at org.springframework.test.context.junit4.SpringJUnit4ClassRunner$1.runReflectiveCall(SpringJUnit4ClassRunner.java:287) [spring-test-4.3.13.RELEASE.jar:4.3.13.RELEASE]
	at org.junit.internal.runners.model.ReflectiveCallable.run(ReflectiveCallable.java:12) [junit-4.12.jar:4.12]
	at org.springframework.test.context.junit4.SpringJUnit4ClassRunner.methodBlock(SpringJUnit4ClassRunner.java:289) [spring-test-4.3.13.RELEASE.jar:4.3.13.RELEASE]
	at org.springframework.test.context.junit4.SpringJUnit4ClassRunner.runChild(SpringJUnit4ClassRunner.java:247) [spring-test-4.3.13.RELEASE.jar:4.3.13.RELEASE]
	at org.springframework.test.context.junit4.SpringJUnit4ClassRunner.runChild(SpringJUnit4ClassRunner.java:94) [spring-test-4.3.13.RELEASE.jar:4.3.13.RELEASE]
	at org.junit.runners.ParentRunner$3.run(ParentRunner.java:290) [junit-4.12.jar:4.12]
	at org.junit.runners.ParentRunner$1.schedule(ParentRunner.java:71) [junit-4.12.jar:4.12]
	at org.junit.runners.ParentRunner.runChildren(ParentRunner.java:288) [junit-4.12.jar:4.12]
	at org.junit.runners.ParentRunner.access$000(ParentRunner.java:58) [junit-4.12.jar:4.12]
	at org.junit.runners.ParentRunner$2.evaluate(ParentRunner.java:268) [junit-4.12.jar:4.12]
	at org.springframework.test.context.junit4.statements.RunBeforeTestClassCallbacks.evaluate(RunBeforeTestClassCallbacks.java:61) [spring-test-4.3.13.RELEASE.jar:4.3.13.RELEASE]
	at org.springframework.test.context.junit4.statements.RunAfterTestClassCallbacks.evaluate(RunAfterTestClassCallbacks.java:70) [spring-test-4.3.13.RELEASE.jar:4.3.13.RELEASE]
	at org.junit.runners.ParentRunner.run(ParentRunner.java:363) [junit-4.12.jar:4.12]
	at org.springframework.test.context.junit4.SpringJUnit4ClassRunner.run(SpringJUnit4ClassRunner.java:191) [spring-test-4.3.13.RELEASE.jar:4.3.13.RELEASE]
	at org.apache.maven.surefire.junit4.JUnit4Provider.execute(JUnit4Provider.java:283) [surefire-junit4-2.18.1.jar:2.18.1]
	at org.apache.maven.surefire.junit4.JUnit4Provider.executeWithRerun(JUnit4Provider.java:173) [surefire-junit4-2.18.1.jar:2.18.1]
	at org.apache.maven.surefire.junit4.JUnit4Provider.executeTestSet(JUnit4Provider.java:153) [surefire-junit4-2.18.1.jar:2.18.1]
	at org.apache.maven.surefire.junit4.JUnit4Provider.invoke(JUnit4Provider.java:128) [surefire-junit4-2.18.1.jar:2.18.1]
	at org.apache.maven.surefire.booter.ForkedBooter.invokeProviderInSameClassLoader(ForkedBooter.java:203) [surefire-booter-2.18.1.jar:2.18.1]
	at org.apache.maven.surefire.booter.ForkedBooter.runSuitesInProcess(ForkedBooter.java:155) [surefire-booter-2.18.1.jar:2.18.1]
	at org.apache.maven.surefire.booter.ForkedBooter.main(ForkedBooter.java:103) [surefire-booter-2.18.1.jar:2.18.1]
Caused by: org.springframework.beans.factory.UnsatisfiedDependencyException: Error creating bean with name 'orquestadorController' defined in file [/Users/Valentina1/Desktop/UNIVERSIDAD USB/SEXTO SEMESTRE/D. sistemas comput/swagger/swagger-project-step4/ResolveEnigmaApStep4/target/classes/co/com/agudelo/microservice/resolveEnigmaApi/controllers/OrquestadorController.class]: Unsatisfied dependency expressed through constructor parameter 0; nested exception is org.springframework.beans.factory.NoSuchBeanDefinitionException: No qualifying bean of type 'co.com.agudelo.microservice.resolveEnigmaApi.services.OrquestadorService' available: expected at least 1 bean which qualifies as autowire candidate. Dependency annotations: {}
	at org.springframework.beans.factory.support.ConstructorResolver.createArgumentArray(ConstructorResolver.java:749) ~[spring-beans-4.3.13.RELEASE.jar:4.3.13.RELEASE]
	at org.springframework.beans.factory.support.ConstructorResolver.autowireConstructor(ConstructorResolver.java:189) ~[spring-beans-4.3.13.RELEASE.jar:4.3.13.RELEASE]
	at org.springframework.beans.factory.support.AbstractAutowireCapableBeanFactory.autowireConstructor(AbstractAutowireCapableBeanFactory.java:1193) ~[spring-beans-4.3.13.RELEASE.jar:4.3.13.RELEASE]
	at org.springframework.beans.factory.support.AbstractAutowireCapableBeanFactory.createBeanInstance(AbstractAutowireCapableBeanFactory.java:1095) ~[spring-beans-4.3.13.RELEASE.jar:4.3.13.RELEASE]
	at org.springframework.beans.factory.support.AbstractAutowireCapableBeanFactory.doCreateBean(AbstractAutowireCapableBeanFactory.java:513) ~[spring-beans-4.3.13.RELEASE.jar:4.3.13.RELEASE]
	at org.springframework.beans.factory.support.AbstractAutowireCapableBeanFactory.createBean(AbstractAutowireCapableBeanFactory.java:483) ~[spring-beans-4.3.13.RELEASE.jar:4.3.13.RELEASE]
	at org.springframework.beans.factory.support.AbstractBeanFactory$1.getObject(AbstractBeanFactory.java:306) ~[spring-beans-4.3.13.RELEASE.jar:4.3.13.RELEASE]
	at org.springframework.beans.factory.support.DefaultSingletonBeanRegistry.getSingleton(DefaultSingletonBeanRegistry.java:230) ~[spring-beans-4.3.13.RELEASE.jar:4.3.13.RELEASE]
	at org.springframework.beans.factory.support.AbstractBeanFactory.doGetBean(AbstractBeanFactory.java:302) ~[spring-beans-4.3.13.RELEASE.jar:4.3.13.RELEASE]
	at org.springframework.beans.factory.support.AbstractBeanFactory.getBean(AbstractBeanFactory.java:197) ~[spring-beans-4.3.13.RELEASE.jar:4.3.13.RELEASE]
	at org.springframework.beans.factory.support.DefaultListableBeanFactory.preInstantiateSingletons(DefaultListableBeanFactory.java:761) ~[spring-beans-4.3.13.RELEASE.jar:4.3.13.RELEASE]
	at org.springframework.context.support.AbstractApplicationContext.finishBeanFactoryInitialization(AbstractApplicationContext.java:867) ~[spring-context-4.3.13.RELEASE.jar:4.3.13.RELEASE]
	at org.springframework.context.support.AbstractApplicationContext.refresh(AbstractApplicationContext.java:543) ~[spring-context-4.3.13.RELEASE.jar:4.3.13.RELEASE]
	at org.springframework.boot.SpringApplication.refresh(SpringApplication.java:693) ~[spring-boot-1.5.9.RELEASE.jar:1.5.9.RELEASE]
	at org.springframework.boot.SpringApplication.refreshContext(SpringApplication.java:360) ~[spring-boot-1.5.9.RELEASE.jar:1.5.9.RELEASE]
	at org.springframework.boot.SpringApplication.run(SpringApplication.java:303) ~[spring-boot-1.5.9.RELEASE.jar:1.5.9.RELEASE]
	at org.springframework.boot.test.context.SpringBootContextLoader.loadContext(SpringBootContextLoader.java:120) ~[spring-boot-test-1.5.9.RELEASE.jar:1.5.9.RELEASE]
	at org.springframework.test.context.cache.DefaultCacheAwareContextLoaderDelegate.loadContextInternal(DefaultCacheAwareContextLoaderDelegate.java:98) ~[spring-test-4.3.13.RELEASE.jar:4.3.13.RELEASE]
	at org.springframework.test.context.cache.DefaultCacheAwareContextLoaderDelegate.loadContext(DefaultCacheAwareContextLoaderDelegate.java:116) ~[spring-test-4.3.13.RELEASE.jar:4.3.13.RELEASE]
	... 26 common frames omitted
Caused by: org.springframework.beans.factory.NoSuchBeanDefinitionException: No qualifying bean of type 'co.com.agudelo.microservice.resolveEnigmaApi.services.OrquestadorService' available: expected at least 1 bean which qualifies as autowire candidate. Dependency annotations: {}
	at org.springframework.beans.factory.support.DefaultListableBeanFactory.raiseNoMatchingBeanFound(DefaultListableBeanFactory.java:1493) ~[spring-beans-4.3.13.RELEASE.jar:4.3.13.RELEASE]
	at org.springframework.beans.factory.support.DefaultListableBeanFactory.doResolveDependency(DefaultListableBeanFactory.java:1104) ~[spring-beans-4.3.13.RELEASE.jar:4.3.13.RELEASE]
	at org.springframework.beans.factory.support.DefaultListableBeanFactory.resolveDependency(DefaultListableBeanFactory.java:1066) ~[spring-beans-4.3.13.RELEASE.jar:4.3.13.RELEASE]
	at org.springframework.beans.factory.support.ConstructorResolver.resolveAutowiredArgument(ConstructorResolver.java:835) ~[spring-beans-4.3.13.RELEASE.jar:4.3.13.RELEASE]
	at org.springframework.beans.factory.support.ConstructorResolver.createArgumentArray(ConstructorResolver.java:741) ~[spring-beans-4.3.13.RELEASE.jar:4.3.13.RELEASE]
	... 44 common frames omitted

]]></system-out>
  </testcase>
</testsuite>